[2025-05-07T15:31:46.712-0300] {local_task_job_runner.py:123} INFO - ::group::Pre task execution logs
[2025-05-07T15:31:47.291-0300] {taskinstance.py:2614} INFO - Dependencies all met for dep_context=non-requeueable deps ti=<TaskInstance: anomaly_detection.train_model scheduled__2023-02-07T00:00:00+00:00 [queued]>
[2025-05-07T15:31:47.320-0300] {taskinstance.py:2614} INFO - Dependencies all met for dep_context=requeueable deps ti=<TaskInstance: anomaly_detection.train_model scheduled__2023-02-07T00:00:00+00:00 [queued]>
[2025-05-07T15:31:47.321-0300] {taskinstance.py:2867} INFO - Starting attempt 1 of 2
[2025-05-07T15:31:47.793-0300] {taskinstance.py:2890} INFO - Executing <Task(PythonOperator): train_model> on 2023-02-07 00:00:00+00:00
[2025-05-07T15:31:47.826-0300] {logging_mixin.py:190} WARNING - /home/pyshell/airflow_env/lib/python3.12/site-packages/airflow/task/task_runner/standard_task_runner.py:70 DeprecationWarning: This process (pid=41529) is multi-threaded, use of fork() may lead to deadlocks in the child.
[2025-05-07T15:31:47.826-0300] {standard_task_runner.py:104} INFO - Running: ['airflow', 'tasks', 'run', 'anomaly_detection', 'train_model', 'scheduled__2023-02-07T00:00:00+00:00', '--job-id', '239', '--raw', '--subdir', 'DAGS_FOLDER/anomaly_detection.py', '--cfg-path', '/tmp/tmphei9d5hb']
[2025-05-07T15:31:47.828-0300] {standard_task_runner.py:105} INFO - Job 239: Subtask train_model
[2025-05-07T15:31:47.828-0300] {standard_task_runner.py:72} INFO - Started process 41548 to run task
[2025-05-07T15:31:48.208-0300] {task_command.py:467} INFO - Running <TaskInstance: anomaly_detection.train_model scheduled__2023-02-07T00:00:00+00:00 [running]> on host pyshell
[2025-05-07T15:31:48.933-0300] {taskinstance.py:3134} INFO - Exporting env vars: AIRFLOW_CTX_DAG_OWNER='airflow' AIRFLOW_CTX_DAG_ID='anomaly_detection' AIRFLOW_CTX_TASK_ID='train_model' AIRFLOW_CTX_EXECUTION_DATE='2023-02-07T00:00:00+00:00' AIRFLOW_CTX_TRY_NUMBER='1' AIRFLOW_CTX_DAG_RUN_ID='scheduled__2023-02-07T00:00:00+00:00'
[2025-05-07T15:31:48.936-0300] {taskinstance.py:732} INFO - ::endgroup::
[2025-05-07T15:31:49.026-0300] {forecaster.py:961} INFO - Disabling yearly seasonality. Run prophet with yearly_seasonality=True to override this.
[2025-05-07T15:31:49.026-0300] {forecaster.py:961} INFO - Disabling daily seasonality. Run prophet with daily_seasonality=True to override this.
[2025-05-07T15:31:49.042-0300] {filesystem.py:118} DEBUG - input tempfile: /tmp/tmpessurbjl/o_dtvwuv.json
[2025-05-07T15:31:49.048-0300] {filesystem.py:118} DEBUG - input tempfile: /tmp/tmpessurbjl/atdo5kgq.json
[2025-05-07T15:31:49.049-0300] {model.py:2042} DEBUG - idx 0
[2025-05-07T15:31:49.049-0300] {model.py:2043} DEBUG - running CmdStan, num_threads: None
[2025-05-07T15:31:49.049-0300] {model.py:2055} DEBUG - CmdStan args: ['/home/pyshell/airflow_env/lib/python3.12/site-packages/prophet/stan_model/prophet_model.bin', 'random', 'seed=35059', 'data', 'file=/tmp/tmpessurbjl/o_dtvwuv.json', 'init=/tmp/tmpessurbjl/atdo5kgq.json', 'output', 'file=/tmp/tmpessurbjl/prophet_modela271q1lj/prophet_model-20250507153149.csv', 'method=optimize', 'algorithm=lbfgs', 'iter=10000']
[2025-05-07T15:31:49.049-0300] {logging_mixin.py:190} WARNING - 15:31:49 - cmdstanpy - INFO - Chain [1] start processing
[2025-05-07T15:31:49.049-0300] {model.py:2058} INFO - Chain [1] start processing
[2025-05-07T15:31:49.061-0300] {logging_mixin.py:190} WARNING - 15:31:49 - cmdstanpy - INFO - Chain [1] done processing
[2025-05-07T15:31:49.061-0300] {model.py:2115} INFO - Chain [1] done processing
[2025-05-07T15:31:49.372-0300] {python.py:240} INFO - Done. Returned value was: None
[2025-05-07T15:31:49.387-0300] {taskinstance.py:341} INFO - ::group::Post task execution logs
[2025-05-07T15:31:49.388-0300] {taskinstance.py:353} INFO - Marking task as SUCCESS. dag_id=anomaly_detection, task_id=train_model, run_id=scheduled__2023-02-07T00:00:00+00:00, execution_date=20230207T000000, start_date=20250507T183147, end_date=20250507T183149
[2025-05-07T15:31:50.132-0300] {local_task_job_runner.py:266} INFO - Task exited with return code 0
[2025-05-07T15:31:50.146-0300] {taskinstance.py:3901} INFO - 0 downstream tasks scheduled from follow-on schedule check
[2025-05-07T15:31:50.147-0300] {local_task_job_runner.py:245} INFO - ::endgroup::
