[2025-05-07T15:49:50.702-0300] {local_task_job_runner.py:123} INFO - ::group::Pre task execution logs
[2025-05-07T15:49:50.716-0300] {taskinstance.py:2614} INFO - Dependencies all met for dep_context=non-requeueable deps ti=<TaskInstance: anomaly_detection.train_model scheduled__2023-03-20T00:00:00+00:00 [queued]>
[2025-05-07T15:49:50.722-0300] {taskinstance.py:2614} INFO - Dependencies all met for dep_context=requeueable deps ti=<TaskInstance: anomaly_detection.train_model scheduled__2023-03-20T00:00:00+00:00 [queued]>
[2025-05-07T15:49:50.722-0300] {taskinstance.py:2867} INFO - Starting attempt 1 of 2
[2025-05-07T15:49:51.089-0300] {taskinstance.py:2890} INFO - Executing <Task(PythonOperator): train_model> on 2023-03-20 00:00:00+00:00
[2025-05-07T15:49:51.122-0300] {logging_mixin.py:190} WARNING - /home/pyshell/airflow_env/lib/python3.12/site-packages/airflow/task/task_runner/standard_task_runner.py:70 DeprecationWarning: This process (pid=43916) is multi-threaded, use of fork() may lead to deadlocks in the child.
[2025-05-07T15:49:51.121-0300] {standard_task_runner.py:104} INFO - Running: ['airflow', 'tasks', 'run', 'anomaly_detection', 'train_model', 'scheduled__2023-03-20T00:00:00+00:00', '--job-id', '321', '--raw', '--subdir', 'DAGS_FOLDER/anomaly_detection.py', '--cfg-path', '/tmp/tmp90pg5dvb']
[2025-05-07T15:49:51.123-0300] {standard_task_runner.py:72} INFO - Started process 43934 to run task
[2025-05-07T15:49:51.123-0300] {standard_task_runner.py:105} INFO - Job 321: Subtask train_model
[2025-05-07T15:49:51.507-0300] {task_command.py:467} INFO - Running <TaskInstance: anomaly_detection.train_model scheduled__2023-03-20T00:00:00+00:00 [running]> on host pyshell
[2025-05-07T15:49:52.625-0300] {taskinstance.py:3134} INFO - Exporting env vars: AIRFLOW_CTX_DAG_OWNER='airflow' AIRFLOW_CTX_DAG_ID='anomaly_detection' AIRFLOW_CTX_TASK_ID='train_model' AIRFLOW_CTX_EXECUTION_DATE='2023-03-20T00:00:00+00:00' AIRFLOW_CTX_TRY_NUMBER='1' AIRFLOW_CTX_DAG_RUN_ID='scheduled__2023-03-20T00:00:00+00:00'
[2025-05-07T15:49:52.628-0300] {taskinstance.py:732} INFO - ::endgroup::
[2025-05-07T15:49:52.788-0300] {forecaster.py:961} INFO - Disabling yearly seasonality. Run prophet with yearly_seasonality=True to override this.
[2025-05-07T15:49:52.788-0300] {forecaster.py:961} INFO - Disabling daily seasonality. Run prophet with daily_seasonality=True to override this.
[2025-05-07T15:49:52.806-0300] {filesystem.py:118} DEBUG - input tempfile: /tmp/tmp7xx9hwqh/bi7qld66.json
[2025-05-07T15:49:52.813-0300] {filesystem.py:118} DEBUG - input tempfile: /tmp/tmp7xx9hwqh/ytoz2846.json
[2025-05-07T15:49:52.815-0300] {model.py:2042} DEBUG - idx 0
[2025-05-07T15:49:52.816-0300] {model.py:2043} DEBUG - running CmdStan, num_threads: None
[2025-05-07T15:49:52.816-0300] {model.py:2055} DEBUG - CmdStan args: ['/home/pyshell/airflow_env/lib/python3.12/site-packages/prophet/stan_model/prophet_model.bin', 'random', 'seed=4148', 'data', 'file=/tmp/tmp7xx9hwqh/bi7qld66.json', 'init=/tmp/tmp7xx9hwqh/ytoz2846.json', 'output', 'file=/tmp/tmp7xx9hwqh/prophet_modelkqtxiwpn/prophet_model-20250507154952.csv', 'method=optimize', 'algorithm=lbfgs', 'iter=10000']
[2025-05-07T15:49:52.816-0300] {logging_mixin.py:190} WARNING - 15:49:52 - cmdstanpy - INFO - Chain [1] start processing
[2025-05-07T15:49:52.816-0300] {model.py:2058} INFO - Chain [1] start processing
[2025-05-07T15:49:52.828-0300] {logging_mixin.py:190} WARNING - 15:49:52 - cmdstanpy - INFO - Chain [1] done processing
[2025-05-07T15:49:52.828-0300] {model.py:2115} INFO - Chain [1] done processing
[2025-05-07T15:49:53.279-0300] {python.py:240} INFO - Done. Returned value was: None
[2025-05-07T15:49:53.403-0300] {taskinstance.py:341} INFO - ::group::Post task execution logs
[2025-05-07T15:49:53.405-0300] {taskinstance.py:353} INFO - Marking task as SUCCESS. dag_id=anomaly_detection, task_id=train_model, run_id=scheduled__2023-03-20T00:00:00+00:00, execution_date=20230320T000000, start_date=20250507T184950, end_date=20250507T184953
[2025-05-07T15:49:54.072-0300] {local_task_job_runner.py:266} INFO - Task exited with return code 0
[2025-05-07T15:49:54.086-0300] {taskinstance.py:3901} INFO - 0 downstream tasks scheduled from follow-on schedule check
[2025-05-07T15:49:54.086-0300] {local_task_job_runner.py:245} INFO - ::endgroup::
