[2025-05-07T15:45:12.302-0300] {local_task_job_runner.py:123} INFO - ::group::Pre task execution logs
[2025-05-07T15:45:12.313-0300] {taskinstance.py:2614} INFO - Dependencies all met for dep_context=non-requeueable deps ti=<TaskInstance: anomaly_detection.train_model scheduled__2023-03-10T00:00:00+00:00 [queued]>
[2025-05-07T15:45:12.321-0300] {taskinstance.py:2614} INFO - Dependencies all met for dep_context=requeueable deps ti=<TaskInstance: anomaly_detection.train_model scheduled__2023-03-10T00:00:00+00:00 [queued]>
[2025-05-07T15:45:12.321-0300] {taskinstance.py:2867} INFO - Starting attempt 1 of 2
[2025-05-07T15:45:12.692-0300] {taskinstance.py:2890} INFO - Executing <Task(PythonOperator): train_model> on 2023-03-10 00:00:00+00:00
[2025-05-07T15:45:12.721-0300] {logging_mixin.py:190} WARNING - /home/pyshell/airflow_env/lib/python3.12/site-packages/airflow/task/task_runner/standard_task_runner.py:70 DeprecationWarning: This process (pid=43306) is multi-threaded, use of fork() may lead to deadlocks in the child.
[2025-05-07T15:45:12.721-0300] {standard_task_runner.py:104} INFO - Running: ['airflow', 'tasks', 'run', 'anomaly_detection', 'train_model', 'scheduled__2023-03-10T00:00:00+00:00', '--job-id', '300', '--raw', '--subdir', 'DAGS_FOLDER/anomaly_detection.py', '--cfg-path', '/tmp/tmpnms8o9uc']
[2025-05-07T15:45:12.722-0300] {standard_task_runner.py:105} INFO - Job 300: Subtask train_model
[2025-05-07T15:45:12.722-0300] {standard_task_runner.py:72} INFO - Started process 43324 to run task
[2025-05-07T15:45:13.144-0300] {task_command.py:467} INFO - Running <TaskInstance: anomaly_detection.train_model scheduled__2023-03-10T00:00:00+00:00 [running]> on host pyshell
[2025-05-07T15:45:13.874-0300] {taskinstance.py:3134} INFO - Exporting env vars: AIRFLOW_CTX_DAG_OWNER='airflow' AIRFLOW_CTX_DAG_ID='anomaly_detection' AIRFLOW_CTX_TASK_ID='train_model' AIRFLOW_CTX_EXECUTION_DATE='2023-03-10T00:00:00+00:00' AIRFLOW_CTX_TRY_NUMBER='1' AIRFLOW_CTX_DAG_RUN_ID='scheduled__2023-03-10T00:00:00+00:00'
[2025-05-07T15:45:13.877-0300] {taskinstance.py:732} INFO - ::endgroup::
[2025-05-07T15:45:13.961-0300] {forecaster.py:961} INFO - Disabling yearly seasonality. Run prophet with yearly_seasonality=True to override this.
[2025-05-07T15:45:13.962-0300] {forecaster.py:961} INFO - Disabling daily seasonality. Run prophet with daily_seasonality=True to override this.
[2025-05-07T15:45:13.977-0300] {filesystem.py:118} DEBUG - input tempfile: /tmp/tmpix7o3xzx/muybwar_.json
[2025-05-07T15:45:13.983-0300] {filesystem.py:118} DEBUG - input tempfile: /tmp/tmpix7o3xzx/e5zq60q6.json
[2025-05-07T15:45:13.984-0300] {model.py:2042} DEBUG - idx 0
[2025-05-07T15:45:13.984-0300] {model.py:2043} DEBUG - running CmdStan, num_threads: None
[2025-05-07T15:45:13.984-0300] {model.py:2055} DEBUG - CmdStan args: ['/home/pyshell/airflow_env/lib/python3.12/site-packages/prophet/stan_model/prophet_model.bin', 'random', 'seed=58182', 'data', 'file=/tmp/tmpix7o3xzx/muybwar_.json', 'init=/tmp/tmpix7o3xzx/e5zq60q6.json', 'output', 'file=/tmp/tmpix7o3xzx/prophet_model3c8glhtw/prophet_model-20250507154513.csv', 'method=optimize', 'algorithm=lbfgs', 'iter=10000']
[2025-05-07T15:45:13.984-0300] {logging_mixin.py:190} WARNING - 15:45:13 - cmdstanpy - INFO - Chain [1] start processing
[2025-05-07T15:45:13.984-0300] {model.py:2058} INFO - Chain [1] start processing
[2025-05-07T15:45:13.996-0300] {logging_mixin.py:190} WARNING - 15:45:13 - cmdstanpy - INFO - Chain [1] done processing
[2025-05-07T15:45:13.996-0300] {model.py:2115} INFO - Chain [1] done processing
[2025-05-07T15:45:14.352-0300] {python.py:240} INFO - Done. Returned value was: None
[2025-05-07T15:45:14.357-0300] {taskinstance.py:341} INFO - ::group::Post task execution logs
[2025-05-07T15:45:14.358-0300] {taskinstance.py:353} INFO - Marking task as SUCCESS. dag_id=anomaly_detection, task_id=train_model, run_id=scheduled__2023-03-10T00:00:00+00:00, execution_date=20230310T000000, start_date=20250507T184512, end_date=20250507T184514
[2025-05-07T15:45:15.146-0300] {local_task_job_runner.py:266} INFO - Task exited with return code 0
[2025-05-07T15:45:15.160-0300] {taskinstance.py:3901} INFO - 0 downstream tasks scheduled from follow-on schedule check
[2025-05-07T15:45:15.161-0300] {local_task_job_runner.py:245} INFO - ::endgroup::
