[2025-05-07T15:16:36.678-0300] {processor.py:186} INFO - Started process (PID=39319) to work on /home/pyshell/airflow/dags/anomaly_detection.py
[2025-05-07T15:16:36.679-0300] {processor.py:914} INFO - Processing file /home/pyshell/airflow/dags/anomaly_detection.py for tasks to queue
[2025-05-07T15:16:36.682-0300] {logging_mixin.py:190} INFO - [2025-05-07T15:16:36.681-0300] {dagbag.py:588} INFO - Filling up the DagBag from /home/pyshell/airflow/dags/anomaly_detection.py
[2025-05-07T15:16:39.489-0300] {logging_mixin.py:190} INFO - [2025-05-07T15:16:39.488-0300] {warnings.py:112} WARNING - /home/pyshell/airflow/dags/anomaly_detection.py:42: RemovedInAirflow3Warning: Param `schedule_interval` is deprecated and will be removed in a future release. Please use `schedule` instead. 
  with DAG(
[2025-05-07T15:16:39.494-0300] {processor.py:925} INFO - DAG(s) 'anomaly_detection' retrieved from /home/pyshell/airflow/dags/anomaly_detection.py
[2025-05-07T15:16:39.508-0300] {logging_mixin.py:190} INFO - [2025-05-07T15:16:39.508-0300] {dag.py:3239} INFO - Sync 1 DAGs
[2025-05-07T15:16:39.525-0300] {logging_mixin.py:190} INFO - [2025-05-07T15:16:39.525-0300] {dag.py:4180} INFO - Setting next_dagrun for anomaly_detection to 2023-01-05 00:00:00+00:00, run_after=2023-01-06 00:00:00+00:00
[2025-05-07T15:16:39.749-0300] {processor.py:208} INFO - Processing /home/pyshell/airflow/dags/anomaly_detection.py took 3.079 seconds
[2025-05-07T15:17:26.922-0300] {processor.py:186} INFO - Started process (PID=39566) to work on /home/pyshell/airflow/dags/anomaly_detection.py
[2025-05-07T15:17:27.032-0300] {processor.py:914} INFO - Processing file /home/pyshell/airflow/dags/anomaly_detection.py for tasks to queue
[2025-05-07T15:17:27.043-0300] {logging_mixin.py:190} INFO - [2025-05-07T15:17:27.042-0300] {dagbag.py:588} INFO - Filling up the DagBag from /home/pyshell/airflow/dags/anomaly_detection.py
[2025-05-07T15:17:29.787-0300] {logging_mixin.py:190} INFO - [2025-05-07T15:17:29.786-0300] {warnings.py:112} WARNING - /home/pyshell/airflow/dags/anomaly_detection.py:42: RemovedInAirflow3Warning: Param `schedule_interval` is deprecated and will be removed in a future release. Please use `schedule` instead. 
  with DAG(
[2025-05-07T15:17:29.792-0300] {processor.py:925} INFO - DAG(s) 'anomaly_detection' retrieved from /home/pyshell/airflow/dags/anomaly_detection.py
[2025-05-07T15:17:29.804-0300] {logging_mixin.py:190} INFO - [2025-05-07T15:17:29.804-0300] {dag.py:3239} INFO - Sync 1 DAGs
[2025-05-07T15:17:29.820-0300] {logging_mixin.py:190} INFO - [2025-05-07T15:17:29.820-0300] {dag.py:4180} INFO - Setting next_dagrun for anomaly_detection to 2023-01-06 00:00:00+00:00, run_after=2023-01-07 00:00:00+00:00
[2025-05-07T15:17:30.407-0300] {processor.py:208} INFO - Processing /home/pyshell/airflow/dags/anomaly_detection.py took 3.506 seconds
[2025-05-07T15:18:03.637-0300] {processor.py:186} INFO - Started process (PID=39646) to work on /home/pyshell/airflow/dags/anomaly_detection.py
[2025-05-07T15:18:03.662-0300] {processor.py:914} INFO - Processing file /home/pyshell/airflow/dags/anomaly_detection.py for tasks to queue
[2025-05-07T15:18:03.669-0300] {logging_mixin.py:190} INFO - [2025-05-07T15:18:03.668-0300] {dagbag.py:588} INFO - Filling up the DagBag from /home/pyshell/airflow/dags/anomaly_detection.py
[2025-05-07T15:18:06.139-0300] {logging_mixin.py:190} INFO - [2025-05-07T15:18:06.139-0300] {warnings.py:112} WARNING - /home/pyshell/airflow/dags/anomaly_detection.py:42: RemovedInAirflow3Warning: Param `schedule_interval` is deprecated and will be removed in a future release. Please use `schedule` instead. 
  with DAG(
[2025-05-07T15:18:06.144-0300] {processor.py:925} INFO - DAG(s) 'anomaly_detection' retrieved from /home/pyshell/airflow/dags/anomaly_detection.py
[2025-05-07T15:18:06.158-0300] {logging_mixin.py:190} INFO - [2025-05-07T15:18:06.158-0300] {dag.py:3239} INFO - Sync 1 DAGs
[2025-05-07T15:18:06.175-0300] {logging_mixin.py:190} INFO - [2025-05-07T15:18:06.175-0300] {dag.py:4180} INFO - Setting next_dagrun for anomaly_detection to 2023-01-08 00:00:00+00:00, run_after=2023-01-09 00:00:00+00:00
[2025-05-07T15:18:06.549-0300] {processor.py:208} INFO - Processing /home/pyshell/airflow/dags/anomaly_detection.py took 2.917 seconds
[2025-05-07T15:18:39.465-0300] {processor.py:186} INFO - Started process (PID=39733) to work on /home/pyshell/airflow/dags/anomaly_detection.py
[2025-05-07T15:18:39.491-0300] {processor.py:914} INFO - Processing file /home/pyshell/airflow/dags/anomaly_detection.py for tasks to queue
[2025-05-07T15:18:39.495-0300] {logging_mixin.py:190} INFO - [2025-05-07T15:18:39.494-0300] {dagbag.py:588} INFO - Filling up the DagBag from /home/pyshell/airflow/dags/anomaly_detection.py
[2025-05-07T15:18:42.083-0300] {logging_mixin.py:190} INFO - [2025-05-07T15:18:42.082-0300] {warnings.py:112} WARNING - /home/pyshell/airflow/dags/anomaly_detection.py:42: RemovedInAirflow3Warning: Param `schedule_interval` is deprecated and will be removed in a future release. Please use `schedule` instead. 
  with DAG(
[2025-05-07T15:18:42.089-0300] {processor.py:925} INFO - DAG(s) 'anomaly_detection' retrieved from /home/pyshell/airflow/dags/anomaly_detection.py
[2025-05-07T15:18:42.101-0300] {logging_mixin.py:190} INFO - [2025-05-07T15:18:42.101-0300] {dag.py:3239} INFO - Sync 1 DAGs
[2025-05-07T15:18:42.117-0300] {logging_mixin.py:190} INFO - [2025-05-07T15:18:42.117-0300] {dag.py:4180} INFO - Setting next_dagrun for anomaly_detection to 2023-01-09 00:00:00+00:00, run_after=2023-01-10 00:00:00+00:00
[2025-05-07T15:18:42.419-0300] {processor.py:208} INFO - Processing /home/pyshell/airflow/dags/anomaly_detection.py took 2.960 seconds
[2025-05-07T15:19:17.863-0300] {processor.py:186} INFO - Started process (PID=39819) to work on /home/pyshell/airflow/dags/anomaly_detection.py
[2025-05-07T15:19:17.876-0300] {processor.py:914} INFO - Processing file /home/pyshell/airflow/dags/anomaly_detection.py for tasks to queue
[2025-05-07T15:19:17.878-0300] {logging_mixin.py:190} INFO - [2025-05-07T15:19:17.878-0300] {dagbag.py:588} INFO - Filling up the DagBag from /home/pyshell/airflow/dags/anomaly_detection.py
[2025-05-07T15:19:20.360-0300] {logging_mixin.py:190} INFO - [2025-05-07T15:19:20.360-0300] {warnings.py:112} WARNING - /home/pyshell/airflow/dags/anomaly_detection.py:42: RemovedInAirflow3Warning: Param `schedule_interval` is deprecated and will be removed in a future release. Please use `schedule` instead. 
  with DAG(
[2025-05-07T15:19:20.365-0300] {processor.py:925} INFO - DAG(s) 'anomaly_detection' retrieved from /home/pyshell/airflow/dags/anomaly_detection.py
[2025-05-07T15:19:20.376-0300] {logging_mixin.py:190} INFO - [2025-05-07T15:19:20.376-0300] {dag.py:3239} INFO - Sync 1 DAGs
[2025-05-07T15:19:20.392-0300] {logging_mixin.py:190} INFO - [2025-05-07T15:19:20.391-0300] {dag.py:4180} INFO - Setting next_dagrun for anomaly_detection to 2023-01-11 00:00:00+00:00, run_after=2023-01-12 00:00:00+00:00
[2025-05-07T15:19:20.664-0300] {processor.py:208} INFO - Processing /home/pyshell/airflow/dags/anomaly_detection.py took 2.808 seconds
[2025-05-07T15:20:14.289-0300] {processor.py:186} INFO - Started process (PID=39958) to work on /home/pyshell/airflow/dags/anomaly_detection.py
[2025-05-07T15:20:14.295-0300] {processor.py:914} INFO - Processing file /home/pyshell/airflow/dags/anomaly_detection.py for tasks to queue
[2025-05-07T15:20:14.297-0300] {logging_mixin.py:190} INFO - [2025-05-07T15:20:14.297-0300] {dagbag.py:588} INFO - Filling up the DagBag from /home/pyshell/airflow/dags/anomaly_detection.py
[2025-05-07T15:20:16.839-0300] {logging_mixin.py:190} INFO - [2025-05-07T15:20:16.839-0300] {warnings.py:112} WARNING - /home/pyshell/airflow/dags/anomaly_detection.py:42: RemovedInAirflow3Warning: Param `schedule_interval` is deprecated and will be removed in a future release. Please use `schedule` instead. 
  with DAG(
[2025-05-07T15:20:16.845-0300] {processor.py:925} INFO - DAG(s) 'anomaly_detection' retrieved from /home/pyshell/airflow/dags/anomaly_detection.py
[2025-05-07T15:20:16.859-0300] {logging_mixin.py:190} INFO - [2025-05-07T15:20:16.859-0300] {dag.py:3239} INFO - Sync 1 DAGs
[2025-05-07T15:20:16.877-0300] {logging_mixin.py:190} INFO - [2025-05-07T15:20:16.877-0300] {dag.py:4180} INFO - Setting next_dagrun for anomaly_detection to 2023-01-13 00:00:00+00:00, run_after=2023-01-14 00:00:00+00:00
[2025-05-07T15:20:17.119-0300] {processor.py:208} INFO - Processing /home/pyshell/airflow/dags/anomaly_detection.py took 2.836 seconds
[2025-05-07T15:20:52.419-0300] {processor.py:186} INFO - Started process (PID=40082) to work on /home/pyshell/airflow/dags/anomaly_detection.py
[2025-05-07T15:20:52.433-0300] {processor.py:914} INFO - Processing file /home/pyshell/airflow/dags/anomaly_detection.py for tasks to queue
[2025-05-07T15:20:52.435-0300] {logging_mixin.py:190} INFO - [2025-05-07T15:20:52.435-0300] {dagbag.py:588} INFO - Filling up the DagBag from /home/pyshell/airflow/dags/anomaly_detection.py
[2025-05-07T15:20:54.932-0300] {logging_mixin.py:190} INFO - [2025-05-07T15:20:54.932-0300] {warnings.py:112} WARNING - /home/pyshell/airflow/dags/anomaly_detection.py:42: RemovedInAirflow3Warning: Param `schedule_interval` is deprecated and will be removed in a future release. Please use `schedule` instead. 
  with DAG(
[2025-05-07T15:20:54.938-0300] {processor.py:925} INFO - DAG(s) 'anomaly_detection' retrieved from /home/pyshell/airflow/dags/anomaly_detection.py
[2025-05-07T15:20:54.949-0300] {logging_mixin.py:190} INFO - [2025-05-07T15:20:54.949-0300] {dag.py:3239} INFO - Sync 1 DAGs
[2025-05-07T15:20:54.965-0300] {logging_mixin.py:190} INFO - [2025-05-07T15:20:54.965-0300] {dag.py:4180} INFO - Setting next_dagrun for anomaly_detection to 2023-01-15 00:00:00+00:00, run_after=2023-01-16 00:00:00+00:00
[2025-05-07T15:20:55.346-0300] {processor.py:208} INFO - Processing /home/pyshell/airflow/dags/anomaly_detection.py took 2.935 seconds
[2025-05-07T15:21:56.600-0300] {processor.py:186} INFO - Started process (PID=40219) to work on /home/pyshell/airflow/dags/anomaly_detection.py
[2025-05-07T15:21:56.639-0300] {processor.py:914} INFO - Processing file /home/pyshell/airflow/dags/anomaly_detection.py for tasks to queue
[2025-05-07T15:21:56.643-0300] {logging_mixin.py:190} INFO - [2025-05-07T15:21:56.642-0300] {dagbag.py:588} INFO - Filling up the DagBag from /home/pyshell/airflow/dags/anomaly_detection.py
[2025-05-07T15:21:59.517-0300] {logging_mixin.py:190} INFO - [2025-05-07T15:21:59.517-0300] {warnings.py:112} WARNING - /home/pyshell/airflow/dags/anomaly_detection.py:42: RemovedInAirflow3Warning: Param `schedule_interval` is deprecated and will be removed in a future release. Please use `schedule` instead. 
  with DAG(
[2025-05-07T15:21:59.525-0300] {processor.py:925} INFO - DAG(s) 'anomaly_detection' retrieved from /home/pyshell/airflow/dags/anomaly_detection.py
[2025-05-07T15:21:59.538-0300] {logging_mixin.py:190} INFO - [2025-05-07T15:21:59.537-0300] {dag.py:3239} INFO - Sync 1 DAGs
[2025-05-07T15:21:59.557-0300] {logging_mixin.py:190} INFO - [2025-05-07T15:21:59.557-0300] {dag.py:4180} INFO - Setting next_dagrun for anomaly_detection to 2023-01-17 00:00:00+00:00, run_after=2023-01-18 00:00:00+00:00
[2025-05-07T15:21:59.937-0300] {processor.py:208} INFO - Processing /home/pyshell/airflow/dags/anomaly_detection.py took 3.343 seconds
[2025-05-07T15:22:38.965-0300] {processor.py:186} INFO - Started process (PID=40307) to work on /home/pyshell/airflow/dags/anomaly_detection.py
[2025-05-07T15:22:38.966-0300] {processor.py:914} INFO - Processing file /home/pyshell/airflow/dags/anomaly_detection.py for tasks to queue
[2025-05-07T15:22:38.969-0300] {logging_mixin.py:190} INFO - [2025-05-07T15:22:38.969-0300] {dagbag.py:588} INFO - Filling up the DagBag from /home/pyshell/airflow/dags/anomaly_detection.py
[2025-05-07T15:22:41.977-0300] {logging_mixin.py:190} INFO - [2025-05-07T15:22:41.976-0300] {warnings.py:112} WARNING - /home/pyshell/airflow/dags/anomaly_detection.py:42: RemovedInAirflow3Warning: Param `schedule_interval` is deprecated and will be removed in a future release. Please use `schedule` instead. 
  with DAG(
[2025-05-07T15:22:41.982-0300] {processor.py:925} INFO - DAG(s) 'anomaly_detection' retrieved from /home/pyshell/airflow/dags/anomaly_detection.py
[2025-05-07T15:22:41.994-0300] {logging_mixin.py:190} INFO - [2025-05-07T15:22:41.994-0300] {dag.py:3239} INFO - Sync 1 DAGs
[2025-05-07T15:22:42.012-0300] {logging_mixin.py:190} INFO - [2025-05-07T15:22:42.011-0300] {dag.py:4180} INFO - Setting next_dagrun for anomaly_detection to 2023-01-19 00:00:00+00:00, run_after=2023-01-20 00:00:00+00:00
[2025-05-07T15:22:42.314-0300] {processor.py:208} INFO - Processing /home/pyshell/airflow/dags/anomaly_detection.py took 3.357 seconds
[2025-05-07T15:23:41.938-0300] {processor.py:186} INFO - Started process (PID=40441) to work on /home/pyshell/airflow/dags/anomaly_detection.py
[2025-05-07T15:23:41.960-0300] {processor.py:914} INFO - Processing file /home/pyshell/airflow/dags/anomaly_detection.py for tasks to queue
[2025-05-07T15:23:41.962-0300] {logging_mixin.py:190} INFO - [2025-05-07T15:23:41.962-0300] {dagbag.py:588} INFO - Filling up the DagBag from /home/pyshell/airflow/dags/anomaly_detection.py
[2025-05-07T15:23:44.496-0300] {logging_mixin.py:190} INFO - [2025-05-07T15:23:44.496-0300] {warnings.py:112} WARNING - /home/pyshell/airflow/dags/anomaly_detection.py:42: RemovedInAirflow3Warning: Param `schedule_interval` is deprecated and will be removed in a future release. Please use `schedule` instead. 
  with DAG(
[2025-05-07T15:23:44.500-0300] {processor.py:925} INFO - DAG(s) 'anomaly_detection' retrieved from /home/pyshell/airflow/dags/anomaly_detection.py
[2025-05-07T15:23:44.514-0300] {logging_mixin.py:190} INFO - [2025-05-07T15:23:44.513-0300] {dag.py:3239} INFO - Sync 1 DAGs
[2025-05-07T15:23:44.528-0300] {logging_mixin.py:190} INFO - [2025-05-07T15:23:44.528-0300] {dag.py:4180} INFO - Setting next_dagrun for anomaly_detection to 2023-01-21 00:00:00+00:00, run_after=2023-01-22 00:00:00+00:00
[2025-05-07T15:23:44.748-0300] {processor.py:208} INFO - Processing /home/pyshell/airflow/dags/anomaly_detection.py took 2.818 seconds
[2025-05-07T15:24:24.055-0300] {processor.py:186} INFO - Started process (PID=40529) to work on /home/pyshell/airflow/dags/anomaly_detection.py
[2025-05-07T15:24:24.077-0300] {processor.py:914} INFO - Processing file /home/pyshell/airflow/dags/anomaly_detection.py for tasks to queue
[2025-05-07T15:24:24.079-0300] {logging_mixin.py:190} INFO - [2025-05-07T15:24:24.079-0300] {dagbag.py:588} INFO - Filling up the DagBag from /home/pyshell/airflow/dags/anomaly_detection.py
[2025-05-07T15:24:26.601-0300] {logging_mixin.py:190} INFO - [2025-05-07T15:24:26.601-0300] {warnings.py:112} WARNING - /home/pyshell/airflow/dags/anomaly_detection.py:42: RemovedInAirflow3Warning: Param `schedule_interval` is deprecated and will be removed in a future release. Please use `schedule` instead. 
  with DAG(
[2025-05-07T15:24:26.607-0300] {processor.py:925} INFO - DAG(s) 'anomaly_detection' retrieved from /home/pyshell/airflow/dags/anomaly_detection.py
[2025-05-07T15:24:26.620-0300] {logging_mixin.py:190} INFO - [2025-05-07T15:24:26.620-0300] {dag.py:3239} INFO - Sync 1 DAGs
[2025-05-07T15:24:26.635-0300] {logging_mixin.py:190} INFO - [2025-05-07T15:24:26.634-0300] {dag.py:4180} INFO - Setting next_dagrun for anomaly_detection to 2023-01-23 00:00:00+00:00, run_after=2023-01-24 00:00:00+00:00
[2025-05-07T15:24:26.935-0300] {processor.py:208} INFO - Processing /home/pyshell/airflow/dags/anomaly_detection.py took 2.888 seconds
[2025-05-07T15:25:29.427-0300] {processor.py:186} INFO - Started process (PID=40695) to work on /home/pyshell/airflow/dags/anomaly_detection.py
[2025-05-07T15:25:29.447-0300] {processor.py:914} INFO - Processing file /home/pyshell/airflow/dags/anomaly_detection.py for tasks to queue
[2025-05-07T15:25:29.450-0300] {logging_mixin.py:190} INFO - [2025-05-07T15:25:29.450-0300] {dagbag.py:588} INFO - Filling up the DagBag from /home/pyshell/airflow/dags/anomaly_detection.py
[2025-05-07T15:25:31.968-0300] {logging_mixin.py:190} INFO - [2025-05-07T15:25:31.967-0300] {warnings.py:112} WARNING - /home/pyshell/airflow/dags/anomaly_detection.py:42: RemovedInAirflow3Warning: Param `schedule_interval` is deprecated and will be removed in a future release. Please use `schedule` instead. 
  with DAG(
[2025-05-07T15:25:31.972-0300] {processor.py:925} INFO - DAG(s) 'anomaly_detection' retrieved from /home/pyshell/airflow/dags/anomaly_detection.py
[2025-05-07T15:25:31.986-0300] {logging_mixin.py:190} INFO - [2025-05-07T15:25:31.985-0300] {dag.py:3239} INFO - Sync 1 DAGs
[2025-05-07T15:25:32.001-0300] {logging_mixin.py:190} INFO - [2025-05-07T15:25:32.001-0300] {dag.py:4180} INFO - Setting next_dagrun for anomaly_detection to 2023-01-25 00:00:00+00:00, run_after=2023-01-26 00:00:00+00:00
[2025-05-07T15:25:32.271-0300] {processor.py:208} INFO - Processing /home/pyshell/airflow/dags/anomaly_detection.py took 2.852 seconds
[2025-05-07T15:26:09.485-0300] {processor.py:186} INFO - Started process (PID=40784) to work on /home/pyshell/airflow/dags/anomaly_detection.py
[2025-05-07T15:26:09.500-0300] {processor.py:914} INFO - Processing file /home/pyshell/airflow/dags/anomaly_detection.py for tasks to queue
[2025-05-07T15:26:09.503-0300] {logging_mixin.py:190} INFO - [2025-05-07T15:26:09.502-0300] {dagbag.py:588} INFO - Filling up the DagBag from /home/pyshell/airflow/dags/anomaly_detection.py
[2025-05-07T15:26:12.244-0300] {logging_mixin.py:190} INFO - [2025-05-07T15:26:12.244-0300] {warnings.py:112} WARNING - /home/pyshell/airflow/dags/anomaly_detection.py:42: RemovedInAirflow3Warning: Param `schedule_interval` is deprecated and will be removed in a future release. Please use `schedule` instead. 
  with DAG(
[2025-05-07T15:26:12.249-0300] {processor.py:925} INFO - DAG(s) 'anomaly_detection' retrieved from /home/pyshell/airflow/dags/anomaly_detection.py
[2025-05-07T15:26:12.261-0300] {logging_mixin.py:190} INFO - [2025-05-07T15:26:12.261-0300] {dag.py:3239} INFO - Sync 1 DAGs
[2025-05-07T15:26:12.277-0300] {logging_mixin.py:190} INFO - [2025-05-07T15:26:12.277-0300] {dag.py:4180} INFO - Setting next_dagrun for anomaly_detection to 2023-01-27 00:00:00+00:00, run_after=2023-01-28 00:00:00+00:00
[2025-05-07T15:26:12.563-0300] {processor.py:208} INFO - Processing /home/pyshell/airflow/dags/anomaly_detection.py took 3.085 seconds
[2025-05-07T15:27:11.367-0300] {processor.py:186} INFO - Started process (PID=40918) to work on /home/pyshell/airflow/dags/anomaly_detection.py
[2025-05-07T15:27:11.382-0300] {processor.py:914} INFO - Processing file /home/pyshell/airflow/dags/anomaly_detection.py for tasks to queue
[2025-05-07T15:27:11.385-0300] {logging_mixin.py:190} INFO - [2025-05-07T15:27:11.384-0300] {dagbag.py:588} INFO - Filling up the DagBag from /home/pyshell/airflow/dags/anomaly_detection.py
[2025-05-07T15:27:13.928-0300] {logging_mixin.py:190} INFO - [2025-05-07T15:27:13.928-0300] {warnings.py:112} WARNING - /home/pyshell/airflow/dags/anomaly_detection.py:42: RemovedInAirflow3Warning: Param `schedule_interval` is deprecated and will be removed in a future release. Please use `schedule` instead. 
  with DAG(
[2025-05-07T15:27:13.934-0300] {processor.py:925} INFO - DAG(s) 'anomaly_detection' retrieved from /home/pyshell/airflow/dags/anomaly_detection.py
[2025-05-07T15:27:13.945-0300] {logging_mixin.py:190} INFO - [2025-05-07T15:27:13.945-0300] {dag.py:3239} INFO - Sync 1 DAGs
[2025-05-07T15:27:13.961-0300] {logging_mixin.py:190} INFO - [2025-05-07T15:27:13.961-0300] {dag.py:4180} INFO - Setting next_dagrun for anomaly_detection to 2023-01-29 00:00:00+00:00, run_after=2023-01-30 00:00:00+00:00
[2025-05-07T15:27:14.339-0300] {processor.py:208} INFO - Processing /home/pyshell/airflow/dags/anomaly_detection.py took 2.979 seconds
[2025-05-07T15:27:53.209-0300] {processor.py:186} INFO - Started process (PID=41004) to work on /home/pyshell/airflow/dags/anomaly_detection.py
[2025-05-07T15:27:53.232-0300] {processor.py:914} INFO - Processing file /home/pyshell/airflow/dags/anomaly_detection.py for tasks to queue
[2025-05-07T15:27:53.243-0300] {logging_mixin.py:190} INFO - [2025-05-07T15:27:53.241-0300] {dagbag.py:588} INFO - Filling up the DagBag from /home/pyshell/airflow/dags/anomaly_detection.py
[2025-05-07T15:27:55.872-0300] {logging_mixin.py:190} INFO - [2025-05-07T15:27:55.872-0300] {warnings.py:112} WARNING - /home/pyshell/airflow/dags/anomaly_detection.py:42: RemovedInAirflow3Warning: Param `schedule_interval` is deprecated and will be removed in a future release. Please use `schedule` instead. 
  with DAG(
[2025-05-07T15:27:55.877-0300] {processor.py:925} INFO - DAG(s) 'anomaly_detection' retrieved from /home/pyshell/airflow/dags/anomaly_detection.py
[2025-05-07T15:27:55.888-0300] {logging_mixin.py:190} INFO - [2025-05-07T15:27:55.888-0300] {dag.py:3239} INFO - Sync 1 DAGs
[2025-05-07T15:27:55.903-0300] {logging_mixin.py:190} INFO - [2025-05-07T15:27:55.903-0300] {dag.py:4180} INFO - Setting next_dagrun for anomaly_detection to 2023-01-31 00:00:00+00:00, run_after=2023-02-01 00:00:00+00:00
[2025-05-07T15:27:56.183-0300] {processor.py:208} INFO - Processing /home/pyshell/airflow/dags/anomaly_detection.py took 2.983 seconds
[2025-05-07T15:28:56.915-0300] {processor.py:186} INFO - Started process (PID=41139) to work on /home/pyshell/airflow/dags/anomaly_detection.py
[2025-05-07T15:28:56.958-0300] {processor.py:914} INFO - Processing file /home/pyshell/airflow/dags/anomaly_detection.py for tasks to queue
[2025-05-07T15:28:56.961-0300] {logging_mixin.py:190} INFO - [2025-05-07T15:28:56.961-0300] {dagbag.py:588} INFO - Filling up the DagBag from /home/pyshell/airflow/dags/anomaly_detection.py
[2025-05-07T15:28:59.783-0300] {logging_mixin.py:190} INFO - [2025-05-07T15:28:59.782-0300] {warnings.py:112} WARNING - /home/pyshell/airflow/dags/anomaly_detection.py:42: RemovedInAirflow3Warning: Param `schedule_interval` is deprecated and will be removed in a future release. Please use `schedule` instead. 
  with DAG(
[2025-05-07T15:28:59.788-0300] {processor.py:925} INFO - DAG(s) 'anomaly_detection' retrieved from /home/pyshell/airflow/dags/anomaly_detection.py
[2025-05-07T15:28:59.801-0300] {logging_mixin.py:190} INFO - [2025-05-07T15:28:59.801-0300] {dag.py:3239} INFO - Sync 1 DAGs
[2025-05-07T15:28:59.817-0300] {logging_mixin.py:190} INFO - [2025-05-07T15:28:59.817-0300] {dag.py:4180} INFO - Setting next_dagrun for anomaly_detection to 2023-02-02 00:00:00+00:00, run_after=2023-02-03 00:00:00+00:00
[2025-05-07T15:29:00.063-0300] {processor.py:208} INFO - Processing /home/pyshell/airflow/dags/anomaly_detection.py took 3.153 seconds
[2025-05-07T15:29:36.734-0300] {processor.py:186} INFO - Started process (PID=41225) to work on /home/pyshell/airflow/dags/anomaly_detection.py
[2025-05-07T15:29:36.751-0300] {processor.py:914} INFO - Processing file /home/pyshell/airflow/dags/anomaly_detection.py for tasks to queue
[2025-05-07T15:29:36.753-0300] {logging_mixin.py:190} INFO - [2025-05-07T15:29:36.753-0300] {dagbag.py:588} INFO - Filling up the DagBag from /home/pyshell/airflow/dags/anomaly_detection.py
[2025-05-07T15:29:39.287-0300] {logging_mixin.py:190} INFO - [2025-05-07T15:29:39.287-0300] {warnings.py:112} WARNING - /home/pyshell/airflow/dags/anomaly_detection.py:42: RemovedInAirflow3Warning: Param `schedule_interval` is deprecated and will be removed in a future release. Please use `schedule` instead. 
  with DAG(
[2025-05-07T15:29:39.292-0300] {processor.py:925} INFO - DAG(s) 'anomaly_detection' retrieved from /home/pyshell/airflow/dags/anomaly_detection.py
[2025-05-07T15:29:39.303-0300] {logging_mixin.py:190} INFO - [2025-05-07T15:29:39.303-0300] {dag.py:3239} INFO - Sync 1 DAGs
[2025-05-07T15:29:39.318-0300] {logging_mixin.py:190} INFO - [2025-05-07T15:29:39.318-0300] {dag.py:4180} INFO - Setting next_dagrun for anomaly_detection to 2023-02-04 00:00:00+00:00, run_after=2023-02-05 00:00:00+00:00
[2025-05-07T15:29:39.577-0300] {processor.py:208} INFO - Processing /home/pyshell/airflow/dags/anomaly_detection.py took 2.848 seconds
[2025-05-07T15:30:41.817-0300] {processor.py:186} INFO - Started process (PID=41404) to work on /home/pyshell/airflow/dags/anomaly_detection.py
[2025-05-07T15:30:41.935-0300] {processor.py:914} INFO - Processing file /home/pyshell/airflow/dags/anomaly_detection.py for tasks to queue
[2025-05-07T15:30:41.943-0300] {logging_mixin.py:190} INFO - [2025-05-07T15:30:41.941-0300] {dagbag.py:588} INFO - Filling up the DagBag from /home/pyshell/airflow/dags/anomaly_detection.py
[2025-05-07T15:30:44.511-0300] {logging_mixin.py:190} INFO - [2025-05-07T15:30:44.511-0300] {warnings.py:112} WARNING - /home/pyshell/airflow/dags/anomaly_detection.py:42: RemovedInAirflow3Warning: Param `schedule_interval` is deprecated and will be removed in a future release. Please use `schedule` instead. 
  with DAG(
[2025-05-07T15:30:44.516-0300] {processor.py:925} INFO - DAG(s) 'anomaly_detection' retrieved from /home/pyshell/airflow/dags/anomaly_detection.py
[2025-05-07T15:30:44.529-0300] {logging_mixin.py:190} INFO - [2025-05-07T15:30:44.529-0300] {dag.py:3239} INFO - Sync 1 DAGs
[2025-05-07T15:30:44.546-0300] {logging_mixin.py:190} INFO - [2025-05-07T15:30:44.546-0300] {dag.py:4180} INFO - Setting next_dagrun for anomaly_detection to 2023-02-06 00:00:00+00:00, run_after=2023-02-07 00:00:00+00:00
[2025-05-07T15:30:44.781-0300] {processor.py:208} INFO - Processing /home/pyshell/airflow/dags/anomaly_detection.py took 2.980 seconds
[2025-05-07T15:31:26.331-0300] {processor.py:186} INFO - Started process (PID=41497) to work on /home/pyshell/airflow/dags/anomaly_detection.py
[2025-05-07T15:31:26.346-0300] {processor.py:914} INFO - Processing file /home/pyshell/airflow/dags/anomaly_detection.py for tasks to queue
[2025-05-07T15:31:26.349-0300] {logging_mixin.py:190} INFO - [2025-05-07T15:31:26.348-0300] {dagbag.py:588} INFO - Filling up the DagBag from /home/pyshell/airflow/dags/anomaly_detection.py
[2025-05-07T15:31:29.147-0300] {logging_mixin.py:190} INFO - [2025-05-07T15:31:29.146-0300] {warnings.py:112} WARNING - /home/pyshell/airflow/dags/anomaly_detection.py:42: RemovedInAirflow3Warning: Param `schedule_interval` is deprecated and will be removed in a future release. Please use `schedule` instead. 
  with DAG(
[2025-05-07T15:31:29.154-0300] {processor.py:925} INFO - DAG(s) 'anomaly_detection' retrieved from /home/pyshell/airflow/dags/anomaly_detection.py
[2025-05-07T15:31:29.168-0300] {logging_mixin.py:190} INFO - [2025-05-07T15:31:29.168-0300] {dag.py:3239} INFO - Sync 1 DAGs
[2025-05-07T15:31:29.188-0300] {logging_mixin.py:190} INFO - [2025-05-07T15:31:29.188-0300] {dag.py:4180} INFO - Setting next_dagrun for anomaly_detection to 2023-02-08 00:00:00+00:00, run_after=2023-02-09 00:00:00+00:00
[2025-05-07T15:31:29.479-0300] {processor.py:208} INFO - Processing /home/pyshell/airflow/dags/anomaly_detection.py took 3.155 seconds
[2025-05-07T15:32:31.505-0300] {processor.py:186} INFO - Started process (PID=41633) to work on /home/pyshell/airflow/dags/anomaly_detection.py
[2025-05-07T15:32:31.528-0300] {processor.py:914} INFO - Processing file /home/pyshell/airflow/dags/anomaly_detection.py for tasks to queue
[2025-05-07T15:32:31.531-0300] {logging_mixin.py:190} INFO - [2025-05-07T15:32:31.531-0300] {dagbag.py:588} INFO - Filling up the DagBag from /home/pyshell/airflow/dags/anomaly_detection.py
[2025-05-07T15:32:34.182-0300] {logging_mixin.py:190} INFO - [2025-05-07T15:32:34.182-0300] {warnings.py:112} WARNING - /home/pyshell/airflow/dags/anomaly_detection.py:42: RemovedInAirflow3Warning: Param `schedule_interval` is deprecated and will be removed in a future release. Please use `schedule` instead. 
  with DAG(
[2025-05-07T15:32:34.189-0300] {processor.py:925} INFO - DAG(s) 'anomaly_detection' retrieved from /home/pyshell/airflow/dags/anomaly_detection.py
[2025-05-07T15:32:34.208-0300] {logging_mixin.py:190} INFO - [2025-05-07T15:32:34.208-0300] {dag.py:3239} INFO - Sync 1 DAGs
[2025-05-07T15:32:34.232-0300] {logging_mixin.py:190} INFO - [2025-05-07T15:32:34.232-0300] {dag.py:4180} INFO - Setting next_dagrun for anomaly_detection to 2023-02-10 00:00:00+00:00, run_after=2023-02-11 00:00:00+00:00
[2025-05-07T15:32:34.490-0300] {processor.py:208} INFO - Processing /home/pyshell/airflow/dags/anomaly_detection.py took 2.992 seconds
[2025-05-07T15:33:14.578-0300] {processor.py:186} INFO - Started process (PID=41719) to work on /home/pyshell/airflow/dags/anomaly_detection.py
[2025-05-07T15:33:14.587-0300] {processor.py:914} INFO - Processing file /home/pyshell/airflow/dags/anomaly_detection.py for tasks to queue
[2025-05-07T15:33:14.589-0300] {logging_mixin.py:190} INFO - [2025-05-07T15:33:14.588-0300] {dagbag.py:588} INFO - Filling up the DagBag from /home/pyshell/airflow/dags/anomaly_detection.py
[2025-05-07T15:33:17.404-0300] {logging_mixin.py:190} INFO - [2025-05-07T15:33:17.404-0300] {warnings.py:112} WARNING - /home/pyshell/airflow/dags/anomaly_detection.py:42: RemovedInAirflow3Warning: Param `schedule_interval` is deprecated and will be removed in a future release. Please use `schedule` instead. 
  with DAG(
[2025-05-07T15:33:17.410-0300] {processor.py:925} INFO - DAG(s) 'anomaly_detection' retrieved from /home/pyshell/airflow/dags/anomaly_detection.py
[2025-05-07T15:33:17.425-0300] {logging_mixin.py:190} INFO - [2025-05-07T15:33:17.425-0300] {dag.py:3239} INFO - Sync 1 DAGs
[2025-05-07T15:33:17.446-0300] {logging_mixin.py:190} INFO - [2025-05-07T15:33:17.445-0300] {dag.py:4180} INFO - Setting next_dagrun for anomaly_detection to 2023-02-12 00:00:00+00:00, run_after=2023-02-13 00:00:00+00:00
[2025-05-07T15:33:17.716-0300] {processor.py:208} INFO - Processing /home/pyshell/airflow/dags/anomaly_detection.py took 3.143 seconds
[2025-05-07T15:34:20.414-0300] {processor.py:186} INFO - Started process (PID=41855) to work on /home/pyshell/airflow/dags/anomaly_detection.py
[2025-05-07T15:34:20.435-0300] {processor.py:914} INFO - Processing file /home/pyshell/airflow/dags/anomaly_detection.py for tasks to queue
[2025-05-07T15:34:20.443-0300] {logging_mixin.py:190} INFO - [2025-05-07T15:34:20.442-0300] {dagbag.py:588} INFO - Filling up the DagBag from /home/pyshell/airflow/dags/anomaly_detection.py
[2025-05-07T15:34:23.181-0300] {logging_mixin.py:190} INFO - [2025-05-07T15:34:23.180-0300] {warnings.py:112} WARNING - /home/pyshell/airflow/dags/anomaly_detection.py:42: RemovedInAirflow3Warning: Param `schedule_interval` is deprecated and will be removed in a future release. Please use `schedule` instead. 
  with DAG(
[2025-05-07T15:34:23.186-0300] {processor.py:925} INFO - DAG(s) 'anomaly_detection' retrieved from /home/pyshell/airflow/dags/anomaly_detection.py
[2025-05-07T15:34:23.200-0300] {logging_mixin.py:190} INFO - [2025-05-07T15:34:23.200-0300] {dag.py:3239} INFO - Sync 1 DAGs
[2025-05-07T15:34:23.217-0300] {logging_mixin.py:190} INFO - [2025-05-07T15:34:23.217-0300] {dag.py:4180} INFO - Setting next_dagrun for anomaly_detection to 2023-02-14 00:00:00+00:00, run_after=2023-02-15 00:00:00+00:00
[2025-05-07T15:34:23.970-0300] {processor.py:208} INFO - Processing /home/pyshell/airflow/dags/anomaly_detection.py took 3.562 seconds
[2025-05-07T15:35:01.232-0300] {processor.py:186} INFO - Started process (PID=41942) to work on /home/pyshell/airflow/dags/anomaly_detection.py
[2025-05-07T15:35:01.289-0300] {processor.py:914} INFO - Processing file /home/pyshell/airflow/dags/anomaly_detection.py for tasks to queue
[2025-05-07T15:35:01.295-0300] {logging_mixin.py:190} INFO - [2025-05-07T15:35:01.294-0300] {dagbag.py:588} INFO - Filling up the DagBag from /home/pyshell/airflow/dags/anomaly_detection.py
[2025-05-07T15:35:03.840-0300] {logging_mixin.py:190} INFO - [2025-05-07T15:35:03.839-0300] {warnings.py:112} WARNING - /home/pyshell/airflow/dags/anomaly_detection.py:42: RemovedInAirflow3Warning: Param `schedule_interval` is deprecated and will be removed in a future release. Please use `schedule` instead. 
  with DAG(
[2025-05-07T15:35:03.845-0300] {processor.py:925} INFO - DAG(s) 'anomaly_detection' retrieved from /home/pyshell/airflow/dags/anomaly_detection.py
[2025-05-07T15:35:03.870-0300] {logging_mixin.py:190} INFO - [2025-05-07T15:35:03.870-0300] {dag.py:3239} INFO - Sync 1 DAGs
[2025-05-07T15:35:03.887-0300] {logging_mixin.py:190} INFO - [2025-05-07T15:35:03.887-0300] {dag.py:4180} INFO - Setting next_dagrun for anomaly_detection to 2023-02-16 00:00:00+00:00, run_after=2023-02-17 00:00:00+00:00
[2025-05-07T15:35:04.251-0300] {processor.py:208} INFO - Processing /home/pyshell/airflow/dags/anomaly_detection.py took 3.026 seconds
[2025-05-07T15:36:06.961-0300] {processor.py:186} INFO - Started process (PID=42114) to work on /home/pyshell/airflow/dags/anomaly_detection.py
[2025-05-07T15:36:06.978-0300] {processor.py:914} INFO - Processing file /home/pyshell/airflow/dags/anomaly_detection.py for tasks to queue
[2025-05-07T15:36:06.980-0300] {logging_mixin.py:190} INFO - [2025-05-07T15:36:06.980-0300] {dagbag.py:588} INFO - Filling up the DagBag from /home/pyshell/airflow/dags/anomaly_detection.py
[2025-05-07T15:36:09.433-0300] {logging_mixin.py:190} INFO - [2025-05-07T15:36:09.433-0300] {warnings.py:112} WARNING - /home/pyshell/airflow/dags/anomaly_detection.py:42: RemovedInAirflow3Warning: Param `schedule_interval` is deprecated and will be removed in a future release. Please use `schedule` instead. 
  with DAG(
[2025-05-07T15:36:09.438-0300] {processor.py:925} INFO - DAG(s) 'anomaly_detection' retrieved from /home/pyshell/airflow/dags/anomaly_detection.py
[2025-05-07T15:36:09.451-0300] {logging_mixin.py:190} INFO - [2025-05-07T15:36:09.451-0300] {dag.py:3239} INFO - Sync 1 DAGs
[2025-05-07T15:36:09.467-0300] {logging_mixin.py:190} INFO - [2025-05-07T15:36:09.467-0300] {dag.py:4180} INFO - Setting next_dagrun for anomaly_detection to 2023-02-18 00:00:00+00:00, run_after=2023-02-19 00:00:00+00:00
[2025-05-07T15:36:09.745-0300] {processor.py:208} INFO - Processing /home/pyshell/airflow/dags/anomaly_detection.py took 2.790 seconds
[2025-05-07T15:36:47.645-0300] {processor.py:186} INFO - Started process (PID=42201) to work on /home/pyshell/airflow/dags/anomaly_detection.py
[2025-05-07T15:36:47.659-0300] {processor.py:914} INFO - Processing file /home/pyshell/airflow/dags/anomaly_detection.py for tasks to queue
[2025-05-07T15:36:47.662-0300] {logging_mixin.py:190} INFO - [2025-05-07T15:36:47.661-0300] {dagbag.py:588} INFO - Filling up the DagBag from /home/pyshell/airflow/dags/anomaly_detection.py
[2025-05-07T15:36:50.180-0300] {logging_mixin.py:190} INFO - [2025-05-07T15:36:50.180-0300] {warnings.py:112} WARNING - /home/pyshell/airflow/dags/anomaly_detection.py:42: RemovedInAirflow3Warning: Param `schedule_interval` is deprecated and will be removed in a future release. Please use `schedule` instead. 
  with DAG(
[2025-05-07T15:36:50.186-0300] {processor.py:925} INFO - DAG(s) 'anomaly_detection' retrieved from /home/pyshell/airflow/dags/anomaly_detection.py
[2025-05-07T15:36:50.198-0300] {logging_mixin.py:190} INFO - [2025-05-07T15:36:50.198-0300] {dag.py:3239} INFO - Sync 1 DAGs
[2025-05-07T15:36:50.215-0300] {logging_mixin.py:190} INFO - [2025-05-07T15:36:50.215-0300] {dag.py:4180} INFO - Setting next_dagrun for anomaly_detection to 2023-02-20 00:00:00+00:00, run_after=2023-02-21 00:00:00+00:00
[2025-05-07T15:36:50.460-0300] {processor.py:208} INFO - Processing /home/pyshell/airflow/dags/anomaly_detection.py took 2.822 seconds
[2025-05-07T15:37:51.670-0300] {processor.py:186} INFO - Started process (PID=42342) to work on /home/pyshell/airflow/dags/anomaly_detection.py
[2025-05-07T15:37:51.835-0300] {processor.py:914} INFO - Processing file /home/pyshell/airflow/dags/anomaly_detection.py for tasks to queue
[2025-05-07T15:37:51.838-0300] {logging_mixin.py:190} INFO - [2025-05-07T15:37:51.838-0300] {dagbag.py:588} INFO - Filling up the DagBag from /home/pyshell/airflow/dags/anomaly_detection.py
[2025-05-07T15:37:54.561-0300] {logging_mixin.py:190} INFO - [2025-05-07T15:37:54.560-0300] {warnings.py:112} WARNING - /home/pyshell/airflow/dags/anomaly_detection.py:42: RemovedInAirflow3Warning: Param `schedule_interval` is deprecated and will be removed in a future release. Please use `schedule` instead. 
  with DAG(
[2025-05-07T15:37:54.566-0300] {processor.py:925} INFO - DAG(s) 'anomaly_detection' retrieved from /home/pyshell/airflow/dags/anomaly_detection.py
[2025-05-07T15:37:54.578-0300] {logging_mixin.py:190} INFO - [2025-05-07T15:37:54.577-0300] {dag.py:3239} INFO - Sync 1 DAGs
[2025-05-07T15:37:54.593-0300] {logging_mixin.py:190} INFO - [2025-05-07T15:37:54.593-0300] {dag.py:4180} INFO - Setting next_dagrun for anomaly_detection to 2023-02-22 00:00:00+00:00, run_after=2023-02-23 00:00:00+00:00
[2025-05-07T15:37:54.847-0300] {processor.py:208} INFO - Processing /home/pyshell/airflow/dags/anomaly_detection.py took 3.184 seconds
[2025-05-07T15:38:33.316-0300] {processor.py:186} INFO - Started process (PID=42431) to work on /home/pyshell/airflow/dags/anomaly_detection.py
[2025-05-07T15:38:33.337-0300] {processor.py:914} INFO - Processing file /home/pyshell/airflow/dags/anomaly_detection.py for tasks to queue
[2025-05-07T15:38:33.339-0300] {logging_mixin.py:190} INFO - [2025-05-07T15:38:33.339-0300] {dagbag.py:588} INFO - Filling up the DagBag from /home/pyshell/airflow/dags/anomaly_detection.py
[2025-05-07T15:38:36.226-0300] {logging_mixin.py:190} INFO - [2025-05-07T15:38:36.226-0300] {warnings.py:112} WARNING - /home/pyshell/airflow/dags/anomaly_detection.py:42: RemovedInAirflow3Warning: Param `schedule_interval` is deprecated and will be removed in a future release. Please use `schedule` instead. 
  with DAG(
[2025-05-07T15:38:36.231-0300] {processor.py:925} INFO - DAG(s) 'anomaly_detection' retrieved from /home/pyshell/airflow/dags/anomaly_detection.py
[2025-05-07T15:38:36.245-0300] {logging_mixin.py:190} INFO - [2025-05-07T15:38:36.245-0300] {dag.py:3239} INFO - Sync 1 DAGs
[2025-05-07T15:38:36.261-0300] {logging_mixin.py:190} INFO - [2025-05-07T15:38:36.261-0300] {dag.py:4180} INFO - Setting next_dagrun for anomaly_detection to 2023-02-24 00:00:00+00:00, run_after=2023-02-25 00:00:00+00:00
[2025-05-07T15:38:36.521-0300] {processor.py:208} INFO - Processing /home/pyshell/airflow/dags/anomaly_detection.py took 3.211 seconds
[2025-05-07T15:39:34.982-0300] {processor.py:186} INFO - Started process (PID=42564) to work on /home/pyshell/airflow/dags/anomaly_detection.py
[2025-05-07T15:39:34.992-0300] {processor.py:914} INFO - Processing file /home/pyshell/airflow/dags/anomaly_detection.py for tasks to queue
[2025-05-07T15:39:34.994-0300] {logging_mixin.py:190} INFO - [2025-05-07T15:39:34.994-0300] {dagbag.py:588} INFO - Filling up the DagBag from /home/pyshell/airflow/dags/anomaly_detection.py
[2025-05-07T15:39:37.551-0300] {logging_mixin.py:190} INFO - [2025-05-07T15:39:37.551-0300] {warnings.py:112} WARNING - /home/pyshell/airflow/dags/anomaly_detection.py:42: RemovedInAirflow3Warning: Param `schedule_interval` is deprecated and will be removed in a future release. Please use `schedule` instead. 
  with DAG(
[2025-05-07T15:39:37.556-0300] {processor.py:925} INFO - DAG(s) 'anomaly_detection' retrieved from /home/pyshell/airflow/dags/anomaly_detection.py
[2025-05-07T15:39:37.568-0300] {logging_mixin.py:190} INFO - [2025-05-07T15:39:37.568-0300] {dag.py:3239} INFO - Sync 1 DAGs
[2025-05-07T15:39:37.582-0300] {logging_mixin.py:190} INFO - [2025-05-07T15:39:37.582-0300] {dag.py:4180} INFO - Setting next_dagrun for anomaly_detection to 2023-02-26 00:00:00+00:00, run_after=2023-02-27 00:00:00+00:00
[2025-05-07T15:39:37.865-0300] {processor.py:208} INFO - Processing /home/pyshell/airflow/dags/anomaly_detection.py took 2.890 seconds
[2025-05-07T15:40:17.351-0300] {processor.py:186} INFO - Started process (PID=42655) to work on /home/pyshell/airflow/dags/anomaly_detection.py
[2025-05-07T15:40:17.370-0300] {processor.py:914} INFO - Processing file /home/pyshell/airflow/dags/anomaly_detection.py for tasks to queue
[2025-05-07T15:40:17.380-0300] {logging_mixin.py:190} INFO - [2025-05-07T15:40:17.378-0300] {dagbag.py:588} INFO - Filling up the DagBag from /home/pyshell/airflow/dags/anomaly_detection.py
[2025-05-07T15:40:19.962-0300] {logging_mixin.py:190} INFO - [2025-05-07T15:40:19.962-0300] {warnings.py:112} WARNING - /home/pyshell/airflow/dags/anomaly_detection.py:42: RemovedInAirflow3Warning: Param `schedule_interval` is deprecated and will be removed in a future release. Please use `schedule` instead. 
  with DAG(
[2025-05-07T15:40:19.968-0300] {processor.py:925} INFO - DAG(s) 'anomaly_detection' retrieved from /home/pyshell/airflow/dags/anomaly_detection.py
[2025-05-07T15:40:19.980-0300] {logging_mixin.py:190} INFO - [2025-05-07T15:40:19.980-0300] {dag.py:3239} INFO - Sync 1 DAGs
[2025-05-07T15:40:19.996-0300] {logging_mixin.py:190} INFO - [2025-05-07T15:40:19.996-0300] {dag.py:4180} INFO - Setting next_dagrun for anomaly_detection to 2023-02-28 00:00:00+00:00, run_after=2023-03-01 00:00:00+00:00
[2025-05-07T15:40:20.280-0300] {processor.py:208} INFO - Processing /home/pyshell/airflow/dags/anomaly_detection.py took 2.950 seconds
[2025-05-07T15:41:21.189-0300] {processor.py:186} INFO - Started process (PID=42829) to work on /home/pyshell/airflow/dags/anomaly_detection.py
[2025-05-07T15:41:21.211-0300] {processor.py:914} INFO - Processing file /home/pyshell/airflow/dags/anomaly_detection.py for tasks to queue
[2025-05-07T15:41:21.215-0300] {logging_mixin.py:190} INFO - [2025-05-07T15:41:21.215-0300] {dagbag.py:588} INFO - Filling up the DagBag from /home/pyshell/airflow/dags/anomaly_detection.py
[2025-05-07T15:41:24.075-0300] {logging_mixin.py:190} INFO - [2025-05-07T15:41:24.075-0300] {warnings.py:112} WARNING - /home/pyshell/airflow/dags/anomaly_detection.py:42: RemovedInAirflow3Warning: Param `schedule_interval` is deprecated and will be removed in a future release. Please use `schedule` instead. 
  with DAG(
[2025-05-07T15:41:24.080-0300] {processor.py:925} INFO - DAG(s) 'anomaly_detection' retrieved from /home/pyshell/airflow/dags/anomaly_detection.py
[2025-05-07T15:41:24.093-0300] {logging_mixin.py:190} INFO - [2025-05-07T15:41:24.093-0300] {dag.py:3239} INFO - Sync 1 DAGs
[2025-05-07T15:41:24.111-0300] {logging_mixin.py:190} INFO - [2025-05-07T15:41:24.110-0300] {dag.py:4180} INFO - Setting next_dagrun for anomaly_detection to 2023-03-02 00:00:00+00:00, run_after=2023-03-03 00:00:00+00:00
[2025-05-07T15:41:24.350-0300] {processor.py:208} INFO - Processing /home/pyshell/airflow/dags/anomaly_detection.py took 3.168 seconds
[2025-05-07T15:41:59.952-0300] {processor.py:186} INFO - Started process (PID=42915) to work on /home/pyshell/airflow/dags/anomaly_detection.py
[2025-05-07T15:41:59.969-0300] {processor.py:914} INFO - Processing file /home/pyshell/airflow/dags/anomaly_detection.py for tasks to queue
[2025-05-07T15:41:59.971-0300] {logging_mixin.py:190} INFO - [2025-05-07T15:41:59.971-0300] {dagbag.py:588} INFO - Filling up the DagBag from /home/pyshell/airflow/dags/anomaly_detection.py
[2025-05-07T15:42:02.496-0300] {logging_mixin.py:190} INFO - [2025-05-07T15:42:02.496-0300] {warnings.py:112} WARNING - /home/pyshell/airflow/dags/anomaly_detection.py:42: RemovedInAirflow3Warning: Param `schedule_interval` is deprecated and will be removed in a future release. Please use `schedule` instead. 
  with DAG(
[2025-05-07T15:42:02.501-0300] {processor.py:925} INFO - DAG(s) 'anomaly_detection' retrieved from /home/pyshell/airflow/dags/anomaly_detection.py
[2025-05-07T15:42:02.513-0300] {logging_mixin.py:190} INFO - [2025-05-07T15:42:02.513-0300] {dag.py:3239} INFO - Sync 1 DAGs
[2025-05-07T15:42:02.530-0300] {logging_mixin.py:190} INFO - [2025-05-07T15:42:02.529-0300] {dag.py:4180} INFO - Setting next_dagrun for anomaly_detection to 2023-03-04 00:00:00+00:00, run_after=2023-03-05 00:00:00+00:00
[2025-05-07T15:42:02.755-0300] {processor.py:208} INFO - Processing /home/pyshell/airflow/dags/anomaly_detection.py took 2.809 seconds
[2025-05-07T15:43:05.201-0300] {processor.py:186} INFO - Started process (PID=43049) to work on /home/pyshell/airflow/dags/anomaly_detection.py
[2025-05-07T15:43:05.215-0300] {processor.py:914} INFO - Processing file /home/pyshell/airflow/dags/anomaly_detection.py for tasks to queue
[2025-05-07T15:43:05.218-0300] {logging_mixin.py:190} INFO - [2025-05-07T15:43:05.217-0300] {dagbag.py:588} INFO - Filling up the DagBag from /home/pyshell/airflow/dags/anomaly_detection.py
[2025-05-07T15:43:07.827-0300] {logging_mixin.py:190} INFO - [2025-05-07T15:43:07.827-0300] {warnings.py:112} WARNING - /home/pyshell/airflow/dags/anomaly_detection.py:42: RemovedInAirflow3Warning: Param `schedule_interval` is deprecated and will be removed in a future release. Please use `schedule` instead. 
  with DAG(
[2025-05-07T15:43:07.832-0300] {processor.py:925} INFO - DAG(s) 'anomaly_detection' retrieved from /home/pyshell/airflow/dags/anomaly_detection.py
[2025-05-07T15:43:07.846-0300] {logging_mixin.py:190} INFO - [2025-05-07T15:43:07.845-0300] {dag.py:3239} INFO - Sync 1 DAGs
[2025-05-07T15:43:07.865-0300] {logging_mixin.py:190} INFO - [2025-05-07T15:43:07.865-0300] {dag.py:4180} INFO - Setting next_dagrun for anomaly_detection to 2023-03-06 00:00:00+00:00, run_after=2023-03-07 00:00:00+00:00
[2025-05-07T15:43:08.188-0300] {processor.py:208} INFO - Processing /home/pyshell/airflow/dags/anomaly_detection.py took 2.994 seconds
[2025-05-07T15:43:47.795-0300] {processor.py:186} INFO - Started process (PID=43136) to work on /home/pyshell/airflow/dags/anomaly_detection.py
[2025-05-07T15:43:47.813-0300] {processor.py:914} INFO - Processing file /home/pyshell/airflow/dags/anomaly_detection.py for tasks to queue
[2025-05-07T15:43:47.816-0300] {logging_mixin.py:190} INFO - [2025-05-07T15:43:47.815-0300] {dagbag.py:588} INFO - Filling up the DagBag from /home/pyshell/airflow/dags/anomaly_detection.py
[2025-05-07T15:43:50.308-0300] {logging_mixin.py:190} INFO - [2025-05-07T15:43:50.308-0300] {warnings.py:112} WARNING - /home/pyshell/airflow/dags/anomaly_detection.py:42: RemovedInAirflow3Warning: Param `schedule_interval` is deprecated and will be removed in a future release. Please use `schedule` instead. 
  with DAG(
[2025-05-07T15:43:50.314-0300] {processor.py:925} INFO - DAG(s) 'anomaly_detection' retrieved from /home/pyshell/airflow/dags/anomaly_detection.py
[2025-05-07T15:43:50.326-0300] {logging_mixin.py:190} INFO - [2025-05-07T15:43:50.325-0300] {dag.py:3239} INFO - Sync 1 DAGs
[2025-05-07T15:43:50.341-0300] {logging_mixin.py:190} INFO - [2025-05-07T15:43:50.341-0300] {dag.py:4180} INFO - Setting next_dagrun for anomaly_detection to 2023-03-08 00:00:00+00:00, run_after=2023-03-09 00:00:00+00:00
[2025-05-07T15:43:50.566-0300] {processor.py:208} INFO - Processing /home/pyshell/airflow/dags/anomaly_detection.py took 2.779 seconds
[2025-05-07T15:44:50.664-0300] {processor.py:186} INFO - Started process (PID=43270) to work on /home/pyshell/airflow/dags/anomaly_detection.py
[2025-05-07T15:44:50.686-0300] {processor.py:914} INFO - Processing file /home/pyshell/airflow/dags/anomaly_detection.py for tasks to queue
[2025-05-07T15:44:50.689-0300] {logging_mixin.py:190} INFO - [2025-05-07T15:44:50.688-0300] {dagbag.py:588} INFO - Filling up the DagBag from /home/pyshell/airflow/dags/anomaly_detection.py
[2025-05-07T15:44:53.480-0300] {logging_mixin.py:190} INFO - [2025-05-07T15:44:53.480-0300] {warnings.py:112} WARNING - /home/pyshell/airflow/dags/anomaly_detection.py:42: RemovedInAirflow3Warning: Param `schedule_interval` is deprecated and will be removed in a future release. Please use `schedule` instead. 
  with DAG(
[2025-05-07T15:44:53.486-0300] {processor.py:925} INFO - DAG(s) 'anomaly_detection' retrieved from /home/pyshell/airflow/dags/anomaly_detection.py
[2025-05-07T15:44:53.501-0300] {logging_mixin.py:190} INFO - [2025-05-07T15:44:53.501-0300] {dag.py:3239} INFO - Sync 1 DAGs
[2025-05-07T15:44:53.519-0300] {logging_mixin.py:190} INFO - [2025-05-07T15:44:53.519-0300] {dag.py:4180} INFO - Setting next_dagrun for anomaly_detection to 2023-03-10 00:00:00+00:00, run_after=2023-03-11 00:00:00+00:00
[2025-05-07T15:44:53.773-0300] {processor.py:208} INFO - Processing /home/pyshell/airflow/dags/anomaly_detection.py took 3.118 seconds
[2025-05-07T15:45:31.052-0300] {processor.py:186} INFO - Started process (PID=43389) to work on /home/pyshell/airflow/dags/anomaly_detection.py
[2025-05-07T15:45:31.069-0300] {processor.py:914} INFO - Processing file /home/pyshell/airflow/dags/anomaly_detection.py for tasks to queue
[2025-05-07T15:45:31.072-0300] {logging_mixin.py:190} INFO - [2025-05-07T15:45:31.072-0300] {dagbag.py:588} INFO - Filling up the DagBag from /home/pyshell/airflow/dags/anomaly_detection.py
[2025-05-07T15:45:33.602-0300] {logging_mixin.py:190} INFO - [2025-05-07T15:45:33.602-0300] {warnings.py:112} WARNING - /home/pyshell/airflow/dags/anomaly_detection.py:42: RemovedInAirflow3Warning: Param `schedule_interval` is deprecated and will be removed in a future release. Please use `schedule` instead. 
  with DAG(
[2025-05-07T15:45:33.608-0300] {processor.py:925} INFO - DAG(s) 'anomaly_detection' retrieved from /home/pyshell/airflow/dags/anomaly_detection.py
[2025-05-07T15:45:33.873-0300] {logging_mixin.py:190} INFO - [2025-05-07T15:45:33.872-0300] {dag.py:3239} INFO - Sync 1 DAGs
[2025-05-07T15:45:33.896-0300] {logging_mixin.py:190} INFO - [2025-05-07T15:45:33.895-0300] {dag.py:4180} INFO - Setting next_dagrun for anomaly_detection to 2023-03-12 00:00:00+00:00, run_after=2023-03-13 00:00:00+00:00
[2025-05-07T15:45:34.717-0300] {processor.py:208} INFO - Processing /home/pyshell/airflow/dags/anomaly_detection.py took 3.674 seconds
[2025-05-07T15:46:34.821-0300] {processor.py:186} INFO - Started process (PID=43530) to work on /home/pyshell/airflow/dags/anomaly_detection.py
[2025-05-07T15:46:34.928-0300] {processor.py:914} INFO - Processing file /home/pyshell/airflow/dags/anomaly_detection.py for tasks to queue
[2025-05-07T15:46:34.934-0300] {logging_mixin.py:190} INFO - [2025-05-07T15:46:34.933-0300] {dagbag.py:588} INFO - Filling up the DagBag from /home/pyshell/airflow/dags/anomaly_detection.py
[2025-05-07T15:46:37.503-0300] {logging_mixin.py:190} INFO - [2025-05-07T15:46:37.503-0300] {warnings.py:112} WARNING - /home/pyshell/airflow/dags/anomaly_detection.py:42: RemovedInAirflow3Warning: Param `schedule_interval` is deprecated and will be removed in a future release. Please use `schedule` instead. 
  with DAG(
[2025-05-07T15:46:37.508-0300] {processor.py:925} INFO - DAG(s) 'anomaly_detection' retrieved from /home/pyshell/airflow/dags/anomaly_detection.py
[2025-05-07T15:46:37.521-0300] {logging_mixin.py:190} INFO - [2025-05-07T15:46:37.520-0300] {dag.py:3239} INFO - Sync 1 DAGs
[2025-05-07T15:46:37.537-0300] {logging_mixin.py:190} INFO - [2025-05-07T15:46:37.537-0300] {dag.py:4180} INFO - Setting next_dagrun for anomaly_detection to 2023-03-14 00:00:00+00:00, run_after=2023-03-15 00:00:00+00:00
[2025-05-07T15:46:37.787-0300] {processor.py:208} INFO - Processing /home/pyshell/airflow/dags/anomaly_detection.py took 2.974 seconds
[2025-05-07T15:47:16.968-0300] {processor.py:186} INFO - Started process (PID=43617) to work on /home/pyshell/airflow/dags/anomaly_detection.py
[2025-05-07T15:47:16.990-0300] {processor.py:914} INFO - Processing file /home/pyshell/airflow/dags/anomaly_detection.py for tasks to queue
[2025-05-07T15:47:16.993-0300] {logging_mixin.py:190} INFO - [2025-05-07T15:47:16.992-0300] {dagbag.py:588} INFO - Filling up the DagBag from /home/pyshell/airflow/dags/anomaly_detection.py
[2025-05-07T15:47:19.561-0300] {logging_mixin.py:190} INFO - [2025-05-07T15:47:19.561-0300] {warnings.py:112} WARNING - /home/pyshell/airflow/dags/anomaly_detection.py:42: RemovedInAirflow3Warning: Param `schedule_interval` is deprecated and will be removed in a future release. Please use `schedule` instead. 
  with DAG(
[2025-05-07T15:47:19.566-0300] {processor.py:925} INFO - DAG(s) 'anomaly_detection' retrieved from /home/pyshell/airflow/dags/anomaly_detection.py
[2025-05-07T15:47:19.578-0300] {logging_mixin.py:190} INFO - [2025-05-07T15:47:19.578-0300] {dag.py:3239} INFO - Sync 1 DAGs
[2025-05-07T15:47:19.594-0300] {logging_mixin.py:190} INFO - [2025-05-07T15:47:19.594-0300] {dag.py:4180} INFO - Setting next_dagrun for anomaly_detection to 2023-03-16 00:00:00+00:00, run_after=2023-03-17 00:00:00+00:00
[2025-05-07T15:47:19.830-0300] {processor.py:208} INFO - Processing /home/pyshell/airflow/dags/anomaly_detection.py took 2.869 seconds
[2025-05-07T15:48:23.434-0300] {processor.py:186} INFO - Started process (PID=43751) to work on /home/pyshell/airflow/dags/anomaly_detection.py
[2025-05-07T15:48:23.458-0300] {processor.py:914} INFO - Processing file /home/pyshell/airflow/dags/anomaly_detection.py for tasks to queue
[2025-05-07T15:48:23.466-0300] {logging_mixin.py:190} INFO - [2025-05-07T15:48:23.465-0300] {dagbag.py:588} INFO - Filling up the DagBag from /home/pyshell/airflow/dags/anomaly_detection.py
[2025-05-07T15:48:26.082-0300] {logging_mixin.py:190} INFO - [2025-05-07T15:48:26.081-0300] {warnings.py:112} WARNING - /home/pyshell/airflow/dags/anomaly_detection.py:42: RemovedInAirflow3Warning: Param `schedule_interval` is deprecated and will be removed in a future release. Please use `schedule` instead. 
  with DAG(
[2025-05-07T15:48:26.088-0300] {processor.py:925} INFO - DAG(s) 'anomaly_detection' retrieved from /home/pyshell/airflow/dags/anomaly_detection.py
[2025-05-07T15:48:26.099-0300] {logging_mixin.py:190} INFO - [2025-05-07T15:48:26.099-0300] {dag.py:3239} INFO - Sync 1 DAGs
[2025-05-07T15:48:26.116-0300] {logging_mixin.py:190} INFO - [2025-05-07T15:48:26.116-0300] {dag.py:4180} INFO - Setting next_dagrun for anomaly_detection to 2023-03-18 00:00:00+00:00, run_after=2023-03-19 00:00:00+00:00
[2025-05-07T15:48:26.511-0300] {processor.py:208} INFO - Processing /home/pyshell/airflow/dags/anomaly_detection.py took 3.087 seconds
[2025-05-07T15:49:05.885-0300] {processor.py:186} INFO - Started process (PID=43837) to work on /home/pyshell/airflow/dags/anomaly_detection.py
[2025-05-07T15:49:05.898-0300] {processor.py:914} INFO - Processing file /home/pyshell/airflow/dags/anomaly_detection.py for tasks to queue
[2025-05-07T15:49:05.901-0300] {logging_mixin.py:190} INFO - [2025-05-07T15:49:05.900-0300] {dagbag.py:588} INFO - Filling up the DagBag from /home/pyshell/airflow/dags/anomaly_detection.py
[2025-05-07T15:49:08.462-0300] {logging_mixin.py:190} INFO - [2025-05-07T15:49:08.462-0300] {warnings.py:112} WARNING - /home/pyshell/airflow/dags/anomaly_detection.py:42: RemovedInAirflow3Warning: Param `schedule_interval` is deprecated and will be removed in a future release. Please use `schedule` instead. 
  with DAG(
[2025-05-07T15:49:08.468-0300] {processor.py:925} INFO - DAG(s) 'anomaly_detection' retrieved from /home/pyshell/airflow/dags/anomaly_detection.py
[2025-05-07T15:49:08.480-0300] {logging_mixin.py:190} INFO - [2025-05-07T15:49:08.480-0300] {dag.py:3239} INFO - Sync 1 DAGs
[2025-05-07T15:49:08.496-0300] {logging_mixin.py:190} INFO - [2025-05-07T15:49:08.496-0300] {dag.py:4180} INFO - Setting next_dagrun for anomaly_detection to 2023-03-20 00:00:00+00:00, run_after=2023-03-21 00:00:00+00:00
[2025-05-07T15:49:08.789-0300] {processor.py:208} INFO - Processing /home/pyshell/airflow/dags/anomaly_detection.py took 2.911 seconds
[2025-05-07T15:50:09.194-0300] {processor.py:186} INFO - Started process (PID=43973) to work on /home/pyshell/airflow/dags/anomaly_detection.py
[2025-05-07T15:50:09.233-0300] {processor.py:914} INFO - Processing file /home/pyshell/airflow/dags/anomaly_detection.py for tasks to queue
[2025-05-07T15:50:09.241-0300] {logging_mixin.py:190} INFO - [2025-05-07T15:50:09.240-0300] {dagbag.py:588} INFO - Filling up the DagBag from /home/pyshell/airflow/dags/anomaly_detection.py
[2025-05-07T15:50:12.211-0300] {logging_mixin.py:190} INFO - [2025-05-07T15:50:12.211-0300] {warnings.py:112} WARNING - /home/pyshell/airflow/dags/anomaly_detection.py:42: RemovedInAirflow3Warning: Param `schedule_interval` is deprecated and will be removed in a future release. Please use `schedule` instead. 
  with DAG(
[2025-05-07T15:50:12.216-0300] {processor.py:925} INFO - DAG(s) 'anomaly_detection' retrieved from /home/pyshell/airflow/dags/anomaly_detection.py
[2025-05-07T15:50:12.229-0300] {logging_mixin.py:190} INFO - [2025-05-07T15:50:12.229-0300] {dag.py:3239} INFO - Sync 1 DAGs
[2025-05-07T15:50:12.245-0300] {logging_mixin.py:190} INFO - [2025-05-07T15:50:12.245-0300] {dag.py:4180} INFO - Setting next_dagrun for anomaly_detection to 2023-03-22 00:00:00+00:00, run_after=2023-03-23 00:00:00+00:00
[2025-05-07T15:50:12.476-0300] {processor.py:208} INFO - Processing /home/pyshell/airflow/dags/anomaly_detection.py took 3.288 seconds
[2025-05-07T15:50:51.545-0300] {processor.py:186} INFO - Started process (PID=44097) to work on /home/pyshell/airflow/dags/anomaly_detection.py
[2025-05-07T15:50:51.561-0300] {processor.py:914} INFO - Processing file /home/pyshell/airflow/dags/anomaly_detection.py for tasks to queue
[2025-05-07T15:50:51.564-0300] {logging_mixin.py:190} INFO - [2025-05-07T15:50:51.564-0300] {dagbag.py:588} INFO - Filling up the DagBag from /home/pyshell/airflow/dags/anomaly_detection.py
[2025-05-07T15:50:54.421-0300] {logging_mixin.py:190} INFO - [2025-05-07T15:50:54.421-0300] {warnings.py:112} WARNING - /home/pyshell/airflow/dags/anomaly_detection.py:42: RemovedInAirflow3Warning: Param `schedule_interval` is deprecated and will be removed in a future release. Please use `schedule` instead. 
  with DAG(
[2025-05-07T15:50:54.426-0300] {processor.py:925} INFO - DAG(s) 'anomaly_detection' retrieved from /home/pyshell/airflow/dags/anomaly_detection.py
[2025-05-07T15:50:54.438-0300] {logging_mixin.py:190} INFO - [2025-05-07T15:50:54.438-0300] {dag.py:3239} INFO - Sync 1 DAGs
[2025-05-07T15:50:54.455-0300] {logging_mixin.py:190} INFO - [2025-05-07T15:50:54.455-0300] {dag.py:4180} INFO - Setting next_dagrun for anomaly_detection to 2023-03-24 00:00:00+00:00, run_after=2023-03-25 00:00:00+00:00
[2025-05-07T15:50:54.705-0300] {processor.py:208} INFO - Processing /home/pyshell/airflow/dags/anomaly_detection.py took 3.166 seconds
[2025-05-07T15:51:53.404-0300] {processor.py:186} INFO - Started process (PID=44233) to work on /home/pyshell/airflow/dags/anomaly_detection.py
[2025-05-07T15:51:53.420-0300] {processor.py:914} INFO - Processing file /home/pyshell/airflow/dags/anomaly_detection.py for tasks to queue
[2025-05-07T15:51:53.423-0300] {logging_mixin.py:190} INFO - [2025-05-07T15:51:53.422-0300] {dagbag.py:588} INFO - Filling up the DagBag from /home/pyshell/airflow/dags/anomaly_detection.py
[2025-05-07T15:51:56.060-0300] {logging_mixin.py:190} INFO - [2025-05-07T15:51:56.060-0300] {warnings.py:112} WARNING - /home/pyshell/airflow/dags/anomaly_detection.py:42: RemovedInAirflow3Warning: Param `schedule_interval` is deprecated and will be removed in a future release. Please use `schedule` instead. 
  with DAG(
[2025-05-07T15:51:56.067-0300] {processor.py:925} INFO - DAG(s) 'anomaly_detection' retrieved from /home/pyshell/airflow/dags/anomaly_detection.py
[2025-05-07T15:51:56.084-0300] {logging_mixin.py:190} INFO - [2025-05-07T15:51:56.084-0300] {dag.py:3239} INFO - Sync 1 DAGs
[2025-05-07T15:51:56.108-0300] {logging_mixin.py:190} INFO - [2025-05-07T15:51:56.108-0300] {dag.py:4180} INFO - Setting next_dagrun for anomaly_detection to 2023-03-26 00:00:00+00:00, run_after=2023-03-27 00:00:00+00:00
[2025-05-07T15:51:56.491-0300] {processor.py:208} INFO - Processing /home/pyshell/airflow/dags/anomaly_detection.py took 3.094 seconds
[2025-05-07T15:52:37.469-0300] {processor.py:186} INFO - Started process (PID=44326) to work on /home/pyshell/airflow/dags/anomaly_detection.py
[2025-05-07T15:52:37.514-0300] {processor.py:914} INFO - Processing file /home/pyshell/airflow/dags/anomaly_detection.py for tasks to queue
[2025-05-07T15:52:37.516-0300] {logging_mixin.py:190} INFO - [2025-05-07T15:52:37.516-0300] {dagbag.py:588} INFO - Filling up the DagBag from /home/pyshell/airflow/dags/anomaly_detection.py
[2025-05-07T15:52:40.807-0300] {logging_mixin.py:190} INFO - [2025-05-07T15:52:40.806-0300] {warnings.py:112} WARNING - /home/pyshell/airflow/dags/anomaly_detection.py:42: RemovedInAirflow3Warning: Param `schedule_interval` is deprecated and will be removed in a future release. Please use `schedule` instead. 
  with DAG(
[2025-05-07T15:52:40.813-0300] {processor.py:925} INFO - DAG(s) 'anomaly_detection' retrieved from /home/pyshell/airflow/dags/anomaly_detection.py
[2025-05-07T15:52:40.836-0300] {logging_mixin.py:190} INFO - [2025-05-07T15:52:40.835-0300] {dag.py:3239} INFO - Sync 1 DAGs
[2025-05-07T15:52:40.865-0300] {logging_mixin.py:190} INFO - [2025-05-07T15:52:40.864-0300] {dag.py:4180} INFO - Setting next_dagrun for anomaly_detection to 2023-03-28 00:00:00+00:00, run_after=2023-03-29 00:00:00+00:00
[2025-05-07T15:52:41.218-0300] {processor.py:208} INFO - Processing /home/pyshell/airflow/dags/anomaly_detection.py took 3.759 seconds
