[2025-05-07T15:32:54.248-0300] {local_task_job_runner.py:123} INFO - ::group::Pre task execution logs
[2025-05-07T15:32:54.259-0300] {taskinstance.py:2614} INFO - Dependencies all met for dep_context=non-requeueable deps ti=<TaskInstance: anomaly_detection.train_model scheduled__2023-02-10T00:00:00+00:00 [queued]>
[2025-05-07T15:32:54.266-0300] {taskinstance.py:2614} INFO - Dependencies all met for dep_context=requeueable deps ti=<TaskInstance: anomaly_detection.train_model scheduled__2023-02-10T00:00:00+00:00 [queued]>
[2025-05-07T15:32:54.266-0300] {taskinstance.py:2867} INFO - Starting attempt 1 of 2
[2025-05-07T15:32:54.609-0300] {taskinstance.py:2890} INFO - Executing <Task(PythonOperator): train_model> on 2023-02-10 00:00:00+00:00
[2025-05-07T15:32:54.644-0300] {logging_mixin.py:190} WARNING - /home/pyshell/airflow_env/lib/python3.12/site-packages/airflow/task/task_runner/standard_task_runner.py:70 DeprecationWarning: This process (pid=41665) is multi-threaded, use of fork() may lead to deadlocks in the child.
[2025-05-07T15:32:54.643-0300] {standard_task_runner.py:104} INFO - Running: ['airflow', 'tasks', 'run', 'anomaly_detection', 'train_model', 'scheduled__2023-02-10T00:00:00+00:00', '--job-id', '244', '--raw', '--subdir', 'DAGS_FOLDER/anomaly_detection.py', '--cfg-path', '/tmp/tmp1w3ic_zb']
[2025-05-07T15:32:54.645-0300] {standard_task_runner.py:105} INFO - Job 244: Subtask train_model
[2025-05-07T15:32:54.645-0300] {standard_task_runner.py:72} INFO - Started process 41685 to run task
[2025-05-07T15:32:54.998-0300] {task_command.py:467} INFO - Running <TaskInstance: anomaly_detection.train_model scheduled__2023-02-10T00:00:00+00:00 [running]> on host pyshell
[2025-05-07T15:32:55.709-0300] {taskinstance.py:3134} INFO - Exporting env vars: AIRFLOW_CTX_DAG_OWNER='airflow' AIRFLOW_CTX_DAG_ID='anomaly_detection' AIRFLOW_CTX_TASK_ID='train_model' AIRFLOW_CTX_EXECUTION_DATE='2023-02-10T00:00:00+00:00' AIRFLOW_CTX_TRY_NUMBER='1' AIRFLOW_CTX_DAG_RUN_ID='scheduled__2023-02-10T00:00:00+00:00'
[2025-05-07T15:32:55.712-0300] {taskinstance.py:732} INFO - ::endgroup::
[2025-05-07T15:32:55.802-0300] {forecaster.py:961} INFO - Disabling yearly seasonality. Run prophet with yearly_seasonality=True to override this.
[2025-05-07T15:32:55.802-0300] {forecaster.py:961} INFO - Disabling daily seasonality. Run prophet with daily_seasonality=True to override this.
[2025-05-07T15:32:55.818-0300] {filesystem.py:118} DEBUG - input tempfile: /tmp/tmpydpl_6j1/_avjksfm.json
[2025-05-07T15:32:55.824-0300] {filesystem.py:118} DEBUG - input tempfile: /tmp/tmpydpl_6j1/29zd3jv4.json
[2025-05-07T15:32:55.825-0300] {model.py:2042} DEBUG - idx 0
[2025-05-07T15:32:55.825-0300] {model.py:2043} DEBUG - running CmdStan, num_threads: None
[2025-05-07T15:32:55.825-0300] {model.py:2055} DEBUG - CmdStan args: ['/home/pyshell/airflow_env/lib/python3.12/site-packages/prophet/stan_model/prophet_model.bin', 'random', 'seed=59793', 'data', 'file=/tmp/tmpydpl_6j1/_avjksfm.json', 'init=/tmp/tmpydpl_6j1/29zd3jv4.json', 'output', 'file=/tmp/tmpydpl_6j1/prophet_modelijzf6a7l/prophet_model-20250507153255.csv', 'method=optimize', 'algorithm=lbfgs', 'iter=10000']
[2025-05-07T15:32:55.826-0300] {logging_mixin.py:190} WARNING - 15:32:55 - cmdstanpy - INFO - Chain [1] start processing
[2025-05-07T15:32:55.826-0300] {model.py:2058} INFO - Chain [1] start processing
[2025-05-07T15:32:55.839-0300] {logging_mixin.py:190} WARNING - 15:32:55 - cmdstanpy - INFO - Chain [1] done processing
[2025-05-07T15:32:55.839-0300] {model.py:2115} INFO - Chain [1] done processing
[2025-05-07T15:32:56.153-0300] {python.py:240} INFO - Done. Returned value was: None
[2025-05-07T15:32:56.156-0300] {taskinstance.py:341} INFO - ::group::Post task execution logs
[2025-05-07T15:32:56.157-0300] {taskinstance.py:353} INFO - Marking task as SUCCESS. dag_id=anomaly_detection, task_id=train_model, run_id=scheduled__2023-02-10T00:00:00+00:00, execution_date=20230210T000000, start_date=20250507T183254, end_date=20250507T183256
[2025-05-07T15:32:56.909-0300] {local_task_job_runner.py:266} INFO - Task exited with return code 0
[2025-05-07T15:32:56.946-0300] {taskinstance.py:3901} INFO - 0 downstream tasks scheduled from follow-on schedule check
[2025-05-07T15:32:56.946-0300] {local_task_job_runner.py:245} INFO - ::endgroup::
