[2025-05-07T15:48:15.840-0300] {local_task_job_runner.py:123} INFO - ::group::Pre task execution logs
[2025-05-07T15:48:15.856-0300] {taskinstance.py:2614} INFO - Dependencies all met for dep_context=non-requeueable deps ti=<TaskInstance: anomaly_detection.train_model scheduled__2023-03-17T00:00:00+00:00 [queued]>
[2025-05-07T15:48:15.866-0300] {taskinstance.py:2614} INFO - Dependencies all met for dep_context=requeueable deps ti=<TaskInstance: anomaly_detection.train_model scheduled__2023-03-17T00:00:00+00:00 [queued]>
[2025-05-07T15:48:15.867-0300] {taskinstance.py:2867} INFO - Starting attempt 1 of 2
[2025-05-07T15:48:16.198-0300] {taskinstance.py:2890} INFO - Executing <Task(PythonOperator): train_model> on 2023-03-17 00:00:00+00:00
[2025-05-07T15:48:16.227-0300] {standard_task_runner.py:104} INFO - Running: ['airflow', 'tasks', 'run', 'anomaly_detection', 'train_model', 'scheduled__2023-03-17T00:00:00+00:00', '--job-id', '314', '--raw', '--subdir', 'DAGS_FOLDER/anomaly_detection.py', '--cfg-path', '/tmp/tmph1dfdd11']
[2025-05-07T15:48:16.228-0300] {logging_mixin.py:190} WARNING - /home/pyshell/airflow_env/lib/python3.12/site-packages/airflow/task/task_runner/standard_task_runner.py:70 DeprecationWarning: This process (pid=43727) is multi-threaded, use of fork() may lead to deadlocks in the child.
[2025-05-07T15:48:16.229-0300] {standard_task_runner.py:105} INFO - Job 314: Subtask train_model
[2025-05-07T15:48:16.229-0300] {standard_task_runner.py:72} INFO - Started process 43745 to run task
[2025-05-07T15:48:17.788-0300] {task_command.py:467} INFO - Running <TaskInstance: anomaly_detection.train_model scheduled__2023-03-17T00:00:00+00:00 [running]> on host pyshell
[2025-05-07T15:48:18.638-0300] {taskinstance.py:3134} INFO - Exporting env vars: AIRFLOW_CTX_DAG_OWNER='airflow' AIRFLOW_CTX_DAG_ID='anomaly_detection' AIRFLOW_CTX_TASK_ID='train_model' AIRFLOW_CTX_EXECUTION_DATE='2023-03-17T00:00:00+00:00' AIRFLOW_CTX_TRY_NUMBER='1' AIRFLOW_CTX_DAG_RUN_ID='scheduled__2023-03-17T00:00:00+00:00'
[2025-05-07T15:48:18.640-0300] {taskinstance.py:732} INFO - ::endgroup::
[2025-05-07T15:48:18.725-0300] {forecaster.py:961} INFO - Disabling yearly seasonality. Run prophet with yearly_seasonality=True to override this.
[2025-05-07T15:48:18.726-0300] {forecaster.py:961} INFO - Disabling daily seasonality. Run prophet with daily_seasonality=True to override this.
[2025-05-07T15:48:18.741-0300] {filesystem.py:118} DEBUG - input tempfile: /tmp/tmprlbz3iho/jd6nhjke.json
[2025-05-07T15:48:18.748-0300] {filesystem.py:118} DEBUG - input tempfile: /tmp/tmprlbz3iho/ou_akaer.json
[2025-05-07T15:48:18.749-0300] {model.py:2042} DEBUG - idx 0
[2025-05-07T15:48:18.749-0300] {model.py:2043} DEBUG - running CmdStan, num_threads: None
[2025-05-07T15:48:18.749-0300] {model.py:2055} DEBUG - CmdStan args: ['/home/pyshell/airflow_env/lib/python3.12/site-packages/prophet/stan_model/prophet_model.bin', 'random', 'seed=75603', 'data', 'file=/tmp/tmprlbz3iho/jd6nhjke.json', 'init=/tmp/tmprlbz3iho/ou_akaer.json', 'output', 'file=/tmp/tmprlbz3iho/prophet_modelsdfqrw_u/prophet_model-20250507154818.csv', 'method=optimize', 'algorithm=lbfgs', 'iter=10000']
[2025-05-07T15:48:18.749-0300] {logging_mixin.py:190} WARNING - 15:48:18 - cmdstanpy - INFO - Chain [1] start processing
[2025-05-07T15:48:18.749-0300] {model.py:2058} INFO - Chain [1] start processing
[2025-05-07T15:48:18.762-0300] {logging_mixin.py:190} WARNING - 15:48:18 - cmdstanpy - INFO - Chain [1] done processing
[2025-05-07T15:48:18.761-0300] {model.py:2115} INFO - Chain [1] done processing
[2025-05-07T15:48:19.098-0300] {python.py:240} INFO - Done. Returned value was: None
[2025-05-07T15:48:19.114-0300] {taskinstance.py:341} INFO - ::group::Post task execution logs
[2025-05-07T15:48:19.115-0300] {taskinstance.py:353} INFO - Marking task as SUCCESS. dag_id=anomaly_detection, task_id=train_model, run_id=scheduled__2023-03-17T00:00:00+00:00, execution_date=20230317T000000, start_date=20250507T184815, end_date=20250507T184819
[2025-05-07T15:48:20.102-0300] {local_task_job_runner.py:266} INFO - Task exited with return code 0
[2025-05-07T15:48:20.115-0300] {taskinstance.py:3901} INFO - 0 downstream tasks scheduled from follow-on schedule check
[2025-05-07T15:48:20.116-0300] {local_task_job_runner.py:245} INFO - ::endgroup::
