[2025-05-07T15:19:57.395-0300] {local_task_job_runner.py:123} INFO - ::group::Pre task execution logs
[2025-05-07T15:19:57.409-0300] {taskinstance.py:2614} INFO - Dependencies all met for dep_context=non-requeueable deps ti=<TaskInstance: anomaly_detection.train_model scheduled__2023-01-11T00:00:00+00:00 [queued]>
[2025-05-07T15:19:57.416-0300] {taskinstance.py:2614} INFO - Dependencies all met for dep_context=requeueable deps ti=<TaskInstance: anomaly_detection.train_model scheduled__2023-01-11T00:00:00+00:00 [queued]>
[2025-05-07T15:19:57.416-0300] {taskinstance.py:2867} INFO - Starting attempt 1 of 2
[2025-05-07T15:19:57.706-0300] {taskinstance.py:2890} INFO - Executing <Task(PythonOperator): train_model> on 2023-01-11 00:00:00+00:00
[2025-05-07T15:19:57.739-0300] {logging_mixin.py:190} WARNING - /home/pyshell/airflow_env/lib/python3.12/site-packages/airflow/task/task_runner/standard_task_runner.py:70 DeprecationWarning: This process (pid=39897) is multi-threaded, use of fork() may lead to deadlocks in the child.
[2025-05-07T15:19:57.739-0300] {standard_task_runner.py:104} INFO - Running: ['airflow', 'tasks', 'run', 'anomaly_detection', 'train_model', 'scheduled__2023-01-11T00:00:00+00:00', '--job-id', '185', '--raw', '--subdir', 'DAGS_FOLDER/anomaly_detection.py', '--cfg-path', '/tmp/tmpniyeijm8']
[2025-05-07T15:19:57.740-0300] {standard_task_runner.py:72} INFO - Started process 39916 to run task
[2025-05-07T15:19:57.741-0300] {standard_task_runner.py:105} INFO - Job 185: Subtask train_model
[2025-05-07T15:19:58.083-0300] {task_command.py:467} INFO - Running <TaskInstance: anomaly_detection.train_model scheduled__2023-01-11T00:00:00+00:00 [running]> on host pyshell
[2025-05-07T15:19:58.811-0300] {taskinstance.py:3134} INFO - Exporting env vars: AIRFLOW_CTX_DAG_OWNER='airflow' AIRFLOW_CTX_DAG_ID='anomaly_detection' AIRFLOW_CTX_TASK_ID='train_model' AIRFLOW_CTX_EXECUTION_DATE='2023-01-11T00:00:00+00:00' AIRFLOW_CTX_TRY_NUMBER='1' AIRFLOW_CTX_DAG_RUN_ID='scheduled__2023-01-11T00:00:00+00:00'
[2025-05-07T15:19:58.814-0300] {taskinstance.py:732} INFO - ::endgroup::
[2025-05-07T15:19:58.901-0300] {forecaster.py:961} INFO - Disabling yearly seasonality. Run prophet with yearly_seasonality=True to override this.
[2025-05-07T15:19:58.902-0300] {forecaster.py:961} INFO - Disabling daily seasonality. Run prophet with daily_seasonality=True to override this.
[2025-05-07T15:19:58.917-0300] {filesystem.py:118} DEBUG - input tempfile: /tmp/tmpy1aqaujc/b9p_ix53.json
[2025-05-07T15:19:58.923-0300] {filesystem.py:118} DEBUG - input tempfile: /tmp/tmpy1aqaujc/ucvjsq1_.json
[2025-05-07T15:19:58.924-0300] {model.py:2042} DEBUG - idx 0
[2025-05-07T15:19:58.924-0300] {model.py:2043} DEBUG - running CmdStan, num_threads: None
[2025-05-07T15:19:58.924-0300] {model.py:2055} DEBUG - CmdStan args: ['/home/pyshell/airflow_env/lib/python3.12/site-packages/prophet/stan_model/prophet_model.bin', 'random', 'seed=12164', 'data', 'file=/tmp/tmpy1aqaujc/b9p_ix53.json', 'init=/tmp/tmpy1aqaujc/ucvjsq1_.json', 'output', 'file=/tmp/tmpy1aqaujc/prophet_modeljonvtjm0/prophet_model-20250507151958.csv', 'method=optimize', 'algorithm=lbfgs', 'iter=10000']
[2025-05-07T15:19:58.925-0300] {logging_mixin.py:190} WARNING - 15:19:58 - cmdstanpy - INFO - Chain [1] start processing
[2025-05-07T15:19:58.924-0300] {model.py:2058} INFO - Chain [1] start processing
[2025-05-07T15:19:58.936-0300] {logging_mixin.py:190} WARNING - 15:19:58 - cmdstanpy - INFO - Chain [1] done processing
[2025-05-07T15:19:58.936-0300] {model.py:2115} INFO - Chain [1] done processing
[2025-05-07T15:19:59.283-0300] {python.py:240} INFO - Done. Returned value was: None
[2025-05-07T15:19:59.298-0300] {taskinstance.py:341} INFO - ::group::Post task execution logs
[2025-05-07T15:19:59.299-0300] {taskinstance.py:353} INFO - Marking task as SUCCESS. dag_id=anomaly_detection, task_id=train_model, run_id=scheduled__2023-01-11T00:00:00+00:00, execution_date=20230111T000000, start_date=20250507T181957, end_date=20250507T181959
[2025-05-07T15:19:59.966-0300] {local_task_job_runner.py:266} INFO - Task exited with return code 0
[2025-05-07T15:19:59.988-0300] {taskinstance.py:3901} INFO - 0 downstream tasks scheduled from follow-on schedule check
[2025-05-07T15:19:59.989-0300] {local_task_job_runner.py:245} INFO - ::endgroup::
