[2025-05-07T15:40:38.161-0300] {local_task_job_runner.py:123} INFO - ::group::Pre task execution logs
[2025-05-07T15:40:38.175-0300] {taskinstance.py:2614} INFO - Dependencies all met for dep_context=non-requeueable deps ti=<TaskInstance: anomaly_detection.train_model scheduled__2023-02-27T00:00:00+00:00 [queued]>
[2025-05-07T15:40:38.184-0300] {taskinstance.py:2614} INFO - Dependencies all met for dep_context=requeueable deps ti=<TaskInstance: anomaly_detection.train_model scheduled__2023-02-27T00:00:00+00:00 [queued]>
[2025-05-07T15:40:38.185-0300] {taskinstance.py:2867} INFO - Starting attempt 1 of 2
[2025-05-07T15:40:38.619-0300] {taskinstance.py:2890} INFO - Executing <Task(PythonOperator): train_model> on 2023-02-27 00:00:00+00:00
[2025-05-07T15:40:38.650-0300] {logging_mixin.py:190} WARNING - /home/pyshell/airflow_env/lib/python3.12/site-packages/airflow/task/task_runner/standard_task_runner.py:70 DeprecationWarning: This process (pid=42719) is multi-threaded, use of fork() may lead to deadlocks in the child.
[2025-05-07T15:40:38.651-0300] {standard_task_runner.py:104} INFO - Running: ['airflow', 'tasks', 'run', 'anomaly_detection', 'train_model', 'scheduled__2023-02-27T00:00:00+00:00', '--job-id', '279', '--raw', '--subdir', 'DAGS_FOLDER/anomaly_detection.py', '--cfg-path', '/tmp/tmplfcpbltt']
[2025-05-07T15:40:38.652-0300] {standard_task_runner.py:72} INFO - Started process 42737 to run task
[2025-05-07T15:40:38.652-0300] {standard_task_runner.py:105} INFO - Job 279: Subtask train_model
[2025-05-07T15:40:39.128-0300] {task_command.py:467} INFO - Running <TaskInstance: anomaly_detection.train_model scheduled__2023-02-27T00:00:00+00:00 [running]> on host pyshell
[2025-05-07T15:40:39.902-0300] {taskinstance.py:3134} INFO - Exporting env vars: AIRFLOW_CTX_DAG_OWNER='airflow' AIRFLOW_CTX_DAG_ID='anomaly_detection' AIRFLOW_CTX_TASK_ID='train_model' AIRFLOW_CTX_EXECUTION_DATE='2023-02-27T00:00:00+00:00' AIRFLOW_CTX_TRY_NUMBER='1' AIRFLOW_CTX_DAG_RUN_ID='scheduled__2023-02-27T00:00:00+00:00'
[2025-05-07T15:40:39.903-0300] {taskinstance.py:732} INFO - ::endgroup::
[2025-05-07T15:40:39.991-0300] {forecaster.py:961} INFO - Disabling yearly seasonality. Run prophet with yearly_seasonality=True to override this.
[2025-05-07T15:40:39.992-0300] {forecaster.py:961} INFO - Disabling daily seasonality. Run prophet with daily_seasonality=True to override this.
[2025-05-07T15:40:40.022-0300] {filesystem.py:118} DEBUG - input tempfile: /tmp/tmpymccf76a/gai1mrbh.json
[2025-05-07T15:40:40.033-0300] {filesystem.py:118} DEBUG - input tempfile: /tmp/tmpymccf76a/ejloi6e9.json
[2025-05-07T15:40:40.036-0300] {model.py:2042} DEBUG - idx 0
[2025-05-07T15:40:40.036-0300] {model.py:2043} DEBUG - running CmdStan, num_threads: None
[2025-05-07T15:40:40.036-0300] {model.py:2055} DEBUG - CmdStan args: ['/home/pyshell/airflow_env/lib/python3.12/site-packages/prophet/stan_model/prophet_model.bin', 'random', 'seed=72422', 'data', 'file=/tmp/tmpymccf76a/gai1mrbh.json', 'init=/tmp/tmpymccf76a/ejloi6e9.json', 'output', 'file=/tmp/tmpymccf76a/prophet_model2ejkq9la/prophet_model-20250507154040.csv', 'method=optimize', 'algorithm=lbfgs', 'iter=10000']
[2025-05-07T15:40:40.037-0300] {logging_mixin.py:190} WARNING - 15:40:40 - cmdstanpy - INFO - Chain [1] start processing
[2025-05-07T15:40:40.036-0300] {model.py:2058} INFO - Chain [1] start processing
[2025-05-07T15:40:40.052-0300] {logging_mixin.py:190} WARNING - 15:40:40 - cmdstanpy - INFO - Chain [1] done processing
[2025-05-07T15:40:40.052-0300] {model.py:2115} INFO - Chain [1] done processing
[2025-05-07T15:40:40.495-0300] {python.py:240} INFO - Done. Returned value was: None
[2025-05-07T15:40:40.844-0300] {taskinstance.py:341} INFO - ::group::Post task execution logs
[2025-05-07T15:40:40.845-0300] {taskinstance.py:353} INFO - Marking task as SUCCESS. dag_id=anomaly_detection, task_id=train_model, run_id=scheduled__2023-02-27T00:00:00+00:00, execution_date=20230227T000000, start_date=20250507T184038, end_date=20250507T184040
[2025-05-07T15:40:41.638-0300] {local_task_job_runner.py:266} INFO - Task exited with return code 0
[2025-05-07T15:40:41.877-0300] {taskinstance.py:3901} INFO - 0 downstream tasks scheduled from follow-on schedule check
[2025-05-07T15:40:41.880-0300] {local_task_job_runner.py:245} INFO - ::endgroup::
